     1                                  ;********************************************************************************************************
     2                                  ;マクロ
     3                                  ;********************************************************************************************************
     4                                  %include        "..\include\define.s"
     1                              <1> SECT_SIZE   equ     (512)                   ;セクタサイズ
     2                              <1> 
     3                              <1> BOOT_LOAD   equ     0x7C00                  ;ブートプログラムのロード位置
     4                              <1> BOOT_END    equ     (BOOT_LOAD + BOOT_SIZE)
     5                              <1> BOOT_SIZE   equ     (1024 * 8)              ;ブートコードサイズ
     6                              <1> BOOT_SECT   equ     (BOOT_SIZE / SECT_SIZE) ;ブートプログラムのセクタ数
     7                              <1> 
     8                              <1> KERNEL_LOAD equ     0x0010_1000
     9                              <1> KERNEL_SIZE equ     (1024*8)                ;カーネルサイズ
    10                              <1> KERNEL_SECT equ     (KERNEL_SIZE / SECT_SIZE)
    11                              <1> 
    12                              <1> E820_RECORD_SIZE    equ 20
     5                                  %include        "..\include\macro.s"
     1                              <1> struc drive
     2 00000000 <res 00000002>      <1>         .no         resw    1           ;ドライブ番号
     3 00000002 <res 00000002>      <1>         .cyln       resw    1           ;シリンダ
     4 00000004 <res 00000002>      <1>         .head       resw    1           ;ヘッド
     5 00000006 <res 00000002>      <1>         .sect       resw    1           ;セクタ
     6                              <1> endstruc
     7                              <1> 
     8                              <1> %macro  cdecl   1-*.nolist
     9                              <1> 
    10                              <1>     %rep    %0 - 1
    11                              <1>         push    %{-1:-1}
    12                              <1>         %rotate -1
    13                              <1>     %endrep
    14                              <1>     %rotate -1
    15                              <1> 
    16                              <1>         call    %1
    17                              <1> 
    18                              <1>     %if 1 < %0
    19                              <1>         add     sp, (__BITS__ >> 3) * (%0 - 1)
    20                              <1>     %endif
    21                              <1> 
    22                              <1> %endmacro
     6                                  
     7                                          ORG     KERNEL_LOAD                             ;カーネルのロードアドレス
     8                                  
     9                                  [BITS 32]
    10                                  ;********************************************************************************************************
    11                                  ;エントリポイント
    12                                  ;********************************************************************************************************
    13                                  kernel:
    14                                          ;---------------------------------------
    15                                          ;フォントアドレスを取得
    16                                          ;---------------------------------------
    17 00000000 BE007E0000                      mov     esi, BOOT_LOAD + SECT_SIZE      ;ESI = 0x7C00 + 512
    18 00000005 0FB706                          movzx   eax, word [esi + 0]             ;EAX = [ESI + 0] //セグメント
    19 00000008 0FB75E02                        movzx   ebx, word [esi + 2]             ;EBX = [ESI + 2] //オフセット
    20 0000000C C1E004                          shl     eax, 4                          ;EAX << 4;
    21 0000000F 01D8                            add     eax, ebx                        ;EAX += EBX;
    22 00000011 A3[84000000]                    mov     [FONT_ADR], eax                 ;FONT_ADR[0] = EAX;
    23                                  
    24                                          ;---------------------------------------
    25                                          ;文字の表示
    26                                          ;---------------------------------------
    27 00000016 6A0D6A3FE8E6010000-             cdecl   draw_font, 63, 13
    27 0000001F 6683C408           
    28                                  
    29                                          ;---------------------------------------
    30                                          ;文字列の表示
    31                                          ;---------------------------------------
    32 00000023 68[71000000]680F01-             cdecl   draw_str, 25, 14, 0x010F, .s0   ;draw_str();
    32 0000002B 00006A0E6A19E81202-
    32 00000034 00006683C410       
    33                                  
    34                                          ;---------------------------------------
    35                                          ;カラーバーの表示
    36                                          ;---------------------------------------
    37 0000003A 6A046A3FE84E020000-             cdecl   draw_color_bar, 63, 4
    37 00000043 6683C408           
    38                                  
    39                                          ;---------------------------------------
    40                                          ;時刻を表示
    41                                          ;---------------------------------------
    42                                  .10L:                                           ;do
    43                                                                                  ;{
    44 00000047 68[88000000]E81C05-             cdecl   rtc_get_time, RTC_TIME          ;       EAX = get_time(&RTC_TIME);
    44 0000004F 00006683C404       
    45 00000055 FF35[88000000]6800-             cdecl   draw_time, 72, 0, 0x0700, dword [RTC_TIME]
    45 0000005D 0700006A006A48E845-
    45 00000066 0500006683C410     
    46                                  
    47 0000006D EBD8                            jmp     .10L                            ;while(1);
    48                                  
    49                                          ;---------------------------------------
    50                                          ;処理の終了
    51                                          ;---------------------------------------
    52 0000006F EBFE                            jmp     $                               ;while(1) //無限ループ
    53                                  
    54                                  
    55                                  
    56 00000071 2048656C6C6F2C206B-     .s0:    db      " Hello, kernel! ", 0
    56 0000007A 65726E656C212000   
    57                                  
    58 00000082 00<rept>                ALIGN   4, db   0
    59 00000084 00000000                FONT_ADR:       dd      0
    60 00000088 00000000                RTC_TIME:       dd      0
    61                                  
    62                                  ;********************************************************************************************************
    63                                  ;モジュール
    64                                  ;********************************************************************************************************
    65                                  %include        "..\modules\protect\vga.s"
     1                              <1> vga_set_read_plane:
     2                              <1>         ;-----------------------------------
     3                              <1>         ;スタックフレームの構築
     4                              <1>         ;-----------------------------------
     5                              <1>                                             ;   + 8| 読み込みプレーン(0~3)
     6                              <1>                                             ;   + 4| IP(戻り番号)
     7 0000008C 55                  <1>         push   ebp                          ;EBP+ 0| EBP(元の値)
     8 0000008D 89E5                <1>         mov    ebp, esp                     ;------|---------
     9                              <1> 
    10                              <1>         ;-----------------------------------
    11                              <1>         ;レジスタの保存
    12                              <1>         ;-----------------------------------
    13 0000008F 6650                <1>         push    ax
    14 00000091 6652                <1>         push    dx
    15                              <1> 
    16                              <1>         ;---------------------------------------
    17                              <1>         ;読み込みプレーンの選択
    18                              <1>         ;---------------------------------------
    19 00000093 8A6508              <1>         mov     ah, [ebp + 8]                   ;AH = プレーンの選択(3 = 輝度, 2~0 = RGB)
    20 00000096 80E403              <1>         and     ah, 0x03                        ;AH &= 0x03; //余計なビットをマスク
    21 00000099 B004                <1>         mov     al, 0x04                        ;AL = 読み込みマップ選択レジスタ
    22 0000009B 66BACE03            <1>         mov     dx, 0x03CE                      ;DX = グラフィックス制御ポート
    23 0000009F 66EF                <1>         out     dx, ax                          ;//ポート出力
    24                              <1>         
    25                              <1>         ;---------------------------------------
    26                              <1>         ;レジスタの復帰
    27                              <1>         ;---------------------------------------
    28 000000A1 665A                <1>         pop     dx
    29 000000A3 6658                <1>         pop     ax
    30                              <1> 
    31                              <1>         ;---------------------------------------
    32                              <1>         ;スタックフレームの破棄
    33                              <1>         ;---------------------------------------
    34 000000A5 89EC                <1>         mov     esp, ebp
    35 000000A7 5D                  <1>         pop     ebp
    36                              <1> 
    37 000000A8 C3                  <1>         ret
    38                              <1> 
    39                              <1> vga_set_write_plane:
    40                              <1>         ;-----------------------------------
    41                              <1>         ;スタックフレームの構築
    42                              <1>         ;-----------------------------------
    43                              <1>                                             ;   + 8| 書き込みプレーン
    44                              <1>                                             ;   + 4| IP(戻り番号)
    45 000000A9 55                  <1>         push   ebp                          ;EBP+ 0| EBP(元の値)
    46 000000AA 89E5                <1>         mov    ebp, esp                     ;------|---------
    47                              <1> 
    48                              <1>         ;-----------------------------------
    49                              <1>         ;レジスタの保存
    50                              <1>         ;-----------------------------------
    51 000000AC 6650                <1>         push    ax
    52 000000AE 6652                <1>         push    dx
    53                              <1> 
    54                              <1>         ;---------------------------------------
    55                              <1>         ;読み込みプレーンの選択
    56                              <1>         ;---------------------------------------
    57 000000B0 8A6508              <1>         mov     ah, [ebp + 8]                   ;AH = プレーンの選択(3 = 輝度, 2~0 = RGB)
    58 000000B3 80E40F              <1>         and     ah, 0x0F                        ;AH &= 0x03; //余計なビットをマスク
    59 000000B6 B002                <1>         mov     al, 0x02                        ;AL = 読み込みマップ選択レジスタ
    60 000000B8 66BAC403            <1>         mov     dx, 0x03C4                      ;DX = グラフィックス制御ポート
    61 000000BC 66EF                <1>         out     dx, ax                          ;//ポート出力
    62                              <1>         
    63                              <1>         ;---------------------------------------
    64                              <1>         ;レジスタの復帰
    65                              <1>         ;---------------------------------------
    66 000000BE 665A                <1>         pop     dx
    67 000000C0 6658                <1>         pop     ax
    68                              <1> 
    69                              <1>         ;---------------------------------------
    70                              <1>         ;スタックフレームの破棄
    71                              <1>         ;---------------------------------------
    72 000000C2 89EC                <1>         mov     esp, ebp
    73 000000C4 5D                  <1>         pop     ebp
    74                              <1> 
    75 000000C5 C3                  <1>         ret
    76                              <1> 
    77                              <1> vram_font_copy:
    78                              <1>         ;-----------------------------------
    79                              <1>         ;スタックフレームの構築
    80                              <1>         ;-----------------------------------
    81                              <1>                                             ;EBP+20| 描画色
    82                              <1>                                             ;EBP+16| 出力プレーン(1つのプレーンのみをビットで指定)
    83                              <1>                                             ;EBP+12| VRAMアドレス
    84                              <1>                                             ;   + 8| FONTアドレス
    85                              <1>                                             ;   + 4| IP(戻り番号)
    86 000000C6 55                  <1>         push   ebp                          ;EBP+ 0| EBP(元の値)
    87 000000C7 89E5                <1>         mov    ebp, esp                     ;------|---------
    88                              <1> 
    89                              <1>         ;-----------------------------------
    90                              <1>         ;レジスタの保存
    91                              <1>         ;-----------------------------------
    92 000000C9 50                  <1>         push    eax
    93 000000CA 53                  <1>         push    ebx
    94 000000CB 51                  <1>         push    ecx
    95 000000CC 57                  <1>         push    edi
    96 000000CD 52                  <1>         push    edx
    97 000000CE 56                  <1>         push    esi
    98                              <1> 
    99                              <1>         ;---------------------------------------
   100                              <1>         ;引数を変数に代入
   101                              <1>         ;---------------------------------------
   102 000000CF 8B7508              <1>         mov     esi, [ebp + 8]                  ;ESI = フォントアドレス;
   103 000000D2 8B7D0C              <1>         mov     edi, [ebp +12]                  ;EDI = VRAMアドレス;
   104 000000D5 0FB64510            <1>         movzx   eax, byte [ebp +16]             ;EAX = プレーン(ビット指定);
   105 000000D9 0FB75D14            <1>         movzx   ebx, word [ebp +20]             ;EBX = 描画色
   106                              <1> 
   107                              <1>         ;---------------------------------------
   108                              <1>         ;マスクデータを作成(プレーンと景色が一致時に0xFFに。不一致時に0x00に。)
   109                              <1>         ;---------------------------------------
   110 000000DD 84C7                <1>         test    bh, al                          ;ZF = (背景色 & プレーン)
   111 000000DF 0F94C6              <1>         setz    dh                              ;if(ZF == 1){ DH = 0x00; }else{ DH = 0x01;}
   112 000000E2 FECE                <1>         dec     dh                              ;DH--; // 0xFF or 0x00
   113                              <1> 
   114 000000E4 84C3                <1>         test    bl, al                          ;ZF = (前景色 & プレーン);
   115 000000E6 0F94C2              <1>         setz    dl                              ;if(ZF == 1){ DL = 0x00; }else{ DL = 0x01;}
   116 000000E9 FECA                <1>         dec     dl                              ;DL--; //0xFF or 0x00
   117                              <1> 
   118                              <1>         ;---------------------------------------
   119                              <1>         ;16ビットフォントのコピー
   120                              <1>         ;---------------------------------------
   121 000000EB FC                  <1>         cld                                     ;DF = 0; //アドレス加算
   122                              <1> 
   123 000000EC B910000000          <1>         mov     ecx, 16                         ;ECX = 16; //16ドット
   124                              <1> .10L:                                           ;do
   125                              <1>                                                 ;{
   126                              <1>         ;---------------------------------------
   127                              <1>         ;フォントマスクの作成
   128                              <1>         ;---------------------------------------
   129 000000F1 AC                  <1>         lodsb                                   ;   AL = *ESI++; //フォント
   130 000000F2 88C4                <1>         mov     ah, al                          ;   AH = AL;
   131 000000F4 F6D4                <1>         not     ah                              ;   AH ~= AH; //!フォント(ビット反転)
   132                              <1> 
   133                              <1>         ;---------------------------------------
   134                              <1>         ;前景色
   135                              <1>         ;---------------------------------------
   136 000000F6 20D0                <1>         and     al, dl                          ;   AL = 前景色 & フォント;
   137                              <1> 
   138                              <1>         ;---------------------------------------
   139                              <1>         ;背景色
   140                              <1>         ;---------------------------------------
   141 000000F8 F7C310000000        <1>         test    ebx, 0x0010                     ;if(透過モード)
   142 000000FE 7404                <1>         jz      .11F                            ;{
   143 00000100 2227                <1>         and     ah, [edi]                       ;   AH = !フォント & [EDI] //現在値
   144 00000102 EB02                <1>         jmp     .11E                            ;}
   145                              <1> .11F:                                           ;else
   146                              <1>                                                 ;{
   147 00000104 20F4                <1>         and     ah, dh                          ;   AH = !フォント & 背景色
   148                              <1> .11E:                                           ;}
   149                              <1> 
   150                              <1>         ;---------------------------------------
   151                              <1>         ;前景色と背景色を合成
   152                              <1>         ;---------------------------------------
   153 00000106 08E0                <1>         or  al, ah                              ;   AL = 背景 | 前景;
   154                              <1> 
   155                              <1>         ;---------------------------------------
   156                              <1>         ;新しい値を出力（VRAMに代入)
   157                              <1>         ;---------------------------------------
   158 00000108 8807                <1>         mov     [edi], al                       ;   [EDI] = AL; //プレーンに書き込む
   159                              <1> 
   160 0000010A 83C750              <1>         add     edi, 80                         ;   EDI += 80;
   161 0000010D E2E2                <1>         loop    .10L                            ;}while(--ECX);
   162                              <1> .10E:
   163                              <1>         ;---------------------------------------
   164                              <1>         ;レジスタの復帰
   165                              <1>         ;---------------------------------------
   166 0000010F 5E                  <1>         pop     esi
   167 00000110 5A                  <1>         pop     edx
   168 00000111 5F                  <1>         pop     edi
   169 00000112 59                  <1>         pop     ecx
   170 00000113 5B                  <1>         pop     ebx
   171 00000114 58                  <1>         pop     eax
   172                              <1> 
   173                              <1>         ;---------------------------------------
   174                              <1>         ;スタックフレームの破棄
   175                              <1>         ;---------------------------------------
   176 00000115 89EC                <1>         mov     esp, ebp
   177 00000117 5D                  <1>         pop     ebp
   178                              <1> 
   179 00000118 C3                  <1>         ret
   180                              <1> 
   181                              <1> vram_bit_copy:
   182                              <1>         ;-----------------------------------
   183                              <1>         ;スタックフレームの構築
   184                              <1>         ;-----------------------------------
   185                              <1>                                             ;EBP+20| 描画色
   186                              <1>                                             ;EBP+16| 出力プレーン(1つのプレーンのみをビットで指定)
   187                              <1>                                             ;EBP+12| VRAMアドレス
   188                              <1>                                             ;   + 8| 出力ビットパターン
   189                              <1>                                             ;   + 4| IP(戻り番号)
   190 00000119 55                  <1>         push   ebp                          ;EBP+ 0| EBP(元の値)
   191 0000011A 89E5                <1>         mov    ebp, esp                     ;------|---------
   192                              <1> 
   193                              <1>         ;-----------------------------------
   194                              <1>         ;レジスタの保存
   195                              <1>         ;-----------------------------------
   196 0000011C 50                  <1>         push    eax
   197 0000011D 53                  <1>         push    ebx
   198 0000011E 57                  <1>         push    edi
   199                              <1> 
   200                              <1>         ;---------------------------------------
   201                              <1>         ;引数を変数に代入
   202                              <1>         ;---------------------------------------
   203 0000011F 8B7D0C              <1>         mov     edi, [ebp +12]                  ;EDI = VRAMアドレス;
   204 00000122 0FB64510            <1>         movzx   eax, byte [ebp +16]             ;EAX = プレーン(ビット指定);
   205 00000126 0FB75D14            <1>         movzx   ebx, word [ebp +20]             ;EBX = 描画色
   206                              <1> 
   207                              <1>         ;---------------------------------------
   208                              <1>         ;マスクデータを作成(プレーンと景色が一致時に0xFFに。不一致時に0x00に。)
   209                              <1>         ;---------------------------------------
   210 0000012A 84C3                <1>         test    bl, al                          ;ZF = (前景色 & プレーン);
   211 0000012C 0F94C3              <1>         setz    bl                              ;if(ZF == 1){ DL = 0x00; }else{ DL = 0x01;}
   212 0000012F FECB                <1>         dec     bl                              ;DL--; //0xFF or 0x00
   213                              <1> 
   214                              <1>         ;---------------------------------------
   215                              <1>         ;背景のマスクを作成
   216                              <1>         ;---------------------------------------
   217 00000131 8A4508              <1>         mov     al, [ebp + 8]                   ;AL = 出力ビットパターン;
   218 00000134 88C4                <1>         mov     ah, al                          ;AH ~= AL; //!出力ビットパターン(ビット反転)
   219 00000136 F6D4                <1>         not     ah
   220                              <1> 
   221                              <1>         ;---------------------------------------
   222                              <1>         ;背景色
   223                              <1>         ;---------------------------------------
   224 00000138 2227                <1>         and     ah, [edi]                       ;AH = 現在値 & !出力ビットパターン
   225 0000013A 20D8                <1>         and     al, bl                          ;AL = 表示色 & 出力ビットパターン
   226 0000013C 08E0                <1>         or      al, ah                          ;AL |= AH;
   227 0000013E 8807                <1>         mov     [edi], al                       ;[EDI] = BL; //プレーンに書き込む
   228                              <1> 
   229                              <1>         ;---------------------------------------
   230                              <1>         ;レジスタの復帰
   231                              <1>         ;---------------------------------------
   232 00000140 5F                  <1>         pop     edi
   233 00000141 5B                  <1>         pop     ebx
   234 00000142 58                  <1>         pop     eax
   235                              <1> 
   236                              <1>         ;---------------------------------------
   237                              <1>         ;スタックフレームの破棄
   238                              <1>         ;---------------------------------------
   239 00000143 89EC                <1>         mov     esp, ebp
   240 00000145 5D                  <1>         pop     ebp
   241                              <1> 
   242 00000146 C3                  <1>         ret
    66                                  %include        "..\modules\protect\draw_char.s"
     1                              <1> draw_char:
     2                              <1>         ;-----------------------------------
     3                              <1>         ;スタックフレームの構築
     4                              <1>         ;-----------------------------------
     5                              <1>                                             ;   +20| 文字
     6                              <1>                                             ;   +16| 描画色
     7                              <1>                                             ;   +12| 行(0~29)
     8                              <1>                                             ;   + 8| 列(0~79)
     9                              <1>                                             ;   + 4| IP(戻り番号)
    10 00000147 55                  <1>         push   ebp                          ;EBP+ 0| EBP(元の値)
    11 00000148 89E5                <1>         mov    ebp, esp                     ;------|---------
    12                              <1> 
    13                              <1>         ;-----------------------------------
    14                              <1>         ;レジスタの保存
    15                              <1>         ;-----------------------------------
    16 0000014A 53                  <1>         push    ebx
    17 0000014B 57                  <1>         push    edi
    18 0000014C 56                  <1>         push    esi
    19                              <1> 
    20                              <1>         ;---------------------------------------
    21                              <1>         ;コピー元フォントアドレスを設定
    22                              <1>         ;---------------------------------------
    23 0000014D 0FB67514            <1>         movzx   esi, byte [ebp +20]             ;CL = 文字コード;
    24 00000151 C1E604              <1>         shl     esi, 4                          ;CL *= 16; //1文字16バイト
    25 00000154 0335[84000000]      <1>         add     esi, [FONT_ADR]                 ;ESI = フォントアドレス;
    26                              <1> 
    27                              <1>         ;---------------------------------------
    28                              <1>         ;コピー先アドレスを取得
    29                              <1>         ;adr = 0xA0000 + (640 / 8 * 16) * y + x
    30                              <1>         ;---------------------------------------
    31 0000015A 8B7D0C              <1>         mov     edi, [ebp +12]                  ;Y(行)
    32 0000015D C1E708              <1>         shl     edi, 8                          ;EDI = Y * 256;
    33 00000160 8DBCBF00000A00      <1>         lea     edi, [edi * 4 + edi + 0xA0000]  ;EDI = Y * 4 + Y;
    34 00000167 037D08              <1>         add     edi, [ebp + 8]                  ;X(列)
    35                              <1> 
    36                              <1>         ;---------------------------------------
    37                              <1>         ;1文字文のフォントを出力
    38                              <1>         ;---------------------------------------
    39 0000016A 0FB75D10            <1>         movzx   ebx, word [ebp +16]             ; //表示色
    40                              <1> 
    41 0000016E 6A03E817FFFFFF6683- <1>         cdecl   vga_set_read_plane, 0x03        ;//読み込みプレーン:輝度(I)
    41 00000177 C404                <1>
    42 00000179 6A08E829FFFFFF6683- <1>         cdecl   vga_set_write_plane, 0x08       ;//書き込みプレーン:輝度(I)
    42 00000182 C404                <1>
    43 00000184 536A085756E838FFFF- <1>         cdecl   vram_font_copy, esi, edi, 0x08, ebx
    43 0000018D FF6683C410          <1>
    44                              <1>         
    45 00000192 6A02E8F3FEFFFF6683- <1>         cdecl   vga_set_read_plane, 0x02        ;//読み込みプレーン:赤(R)
    45 0000019B C404                <1>
    46 0000019D 6A04E805FFFFFF6683- <1>         cdecl   vga_set_write_plane, 0x04       ;//書き込みプレーン:赤(R)
    46 000001A6 C404                <1>
    47 000001A8 536A045756E814FFFF- <1>         cdecl   vram_font_copy, esi, edi, 0x04, ebx
    47 000001B1 FF6683C410          <1>
    48                              <1> 
    49 000001B6 6A01E8CFFEFFFF6683- <1>         cdecl   vga_set_read_plane, 0x01        ;//読み込みプレーン:緑(G)
    49 000001BF C404                <1>
    50 000001C1 6A02E8E1FEFFFF6683- <1>         cdecl   vga_set_write_plane, 0x02       ;//書き込みプレーン:緑(G)
    50 000001CA C404                <1>
    51 000001CC 536A025756E8F0FEFF- <1>         cdecl   vram_font_copy, esi, edi, 0x02, ebx
    51 000001D5 FF6683C410          <1>
    52                              <1> 
    53 000001DA 6A00E8ABFEFFFF6683- <1>         cdecl   vga_set_read_plane, 0x00        ;//読み込みプレーン:青(B)
    53 000001E3 C404                <1>
    54 000001E5 6A01E8BDFEFFFF6683- <1>         cdecl   vga_set_write_plane, 0x01       ;//書き込みプレーン:青(B)
    54 000001EE C404                <1>
    55 000001F0 536A015756E8CCFEFF- <1>         cdecl   vram_font_copy, esi, edi, 0x01, ebx
    55 000001F9 FF6683C410          <1>
    56                              <1> 
    57                              <1>         ;---------------------------------------
    58                              <1>         ;レジスタの復帰
    59                              <1>         ;---------------------------------------
    60 000001FE 5E                  <1>         pop     esi
    61 000001FF 5F                  <1>         pop     edi
    62 00000200 5B                  <1>         pop     ebx
    63                              <1> 
    64                              <1>         ;---------------------------------------
    65                              <1>         ;スタックフレームの破棄
    66                              <1>         ;---------------------------------------
    67 00000201 89EC                <1>         mov     esp, ebp
    68 00000203 5D                  <1>         pop     ebp
    69                              <1> 
    70 00000204 C3                  <1>         ret
    67                                  %include        "..\modules\protect\draw_font.s"
     1                              <1> draw_font:
     2                              <1>         ;-----------------------------------
     3                              <1>         ;スタックフレームの構築
     4                              <1>         ;-----------------------------------
     5                              <1>                                             ;   +12| Y(行)
     6                              <1>                                             ;   + 8| X(列)
     7                              <1>                                             ;   + 4| IP(戻り番号)
     8 00000205 55                  <1>         push   ebp                          ;EBP+ 0| EBP(元の値)
     9 00000206 89E5                <1>         mov    ebp, esp                     ;------|---------
    10                              <1> 
    11                              <1>         ;-----------------------------------
    12                              <1>         ;レジスタの保存
    13                              <1>         ;-----------------------------------
    14 00000208 50                  <1>         push    eax
    15 00000209 53                  <1>         push    ebx
    16 0000020A 51                  <1>         push    ecx
    17 0000020B 57                  <1>         push    edi
    18 0000020C 56                  <1>         push    esi
    19                              <1> 
    20                              <1>         ;---------------------------------------
    21                              <1>         ;コピー元フォントアドレスを設定
    22                              <1>         ;---------------------------------------
    23 0000020D 8B7508              <1>         mov     esi, [ebp + 8]                  ;ESI = X(列)
    24 00000210 8B7D0C              <1>         mov     edi, [ebp +12]                  ;EDI = Y(行)
    25                              <1> 
    26                              <1>         ;---------------------------------------
    27                              <1>         ;コピー先アドレスを取得
    28                              <1>         ;---------------------------------------
    29 00000213 B900000000          <1>         mov     ecx, 0                          ;for(ECX = 0;
    30 00000218 81F900010000        <1> .10L:   cmp     ecx, 256                        ;    ECX < 256;
    31 0000021E 731F                <1>         jae     .10E                            ;
    32                              <1>                                                 ;    ECX++)
    33                              <1>                                                 ;{
    34                              <1>         ;---------------------------------------
    35                              <1>         ;表示する桁位置を計算
    36                              <1>         ;---------------------------------------
    37 00000220 89C8                <1>         mov     eax, ecx                        ;   EAX = ECX;
    38 00000222 83E00F              <1>         and     eax, 0x0F                       ;   EAX &= 0x0F;
    39 00000225 01F0                <1>         add     eax, esi                        ;   EAX += X;
    40                              <1>         ;---------------------------------------
    41                              <1>         ;表示する行位置を計算
    42                              <1>         ;---------------------------------------
    43 00000227 89CB                <1>         mov     ebx, ecx                        ;   EBX = ECX;
    44 00000229 C1EB04              <1>         shr     ebx, 4                          ;   EBX /= 16;
    45 0000022C 01FB                <1>         add     ebx, edi                        ;   EBX += Y;
    46                              <1>         
    47 0000022E 516A075350E80FFFFF- <1>         cdecl   draw_char, eax, ebx, 0x07, ecx  ;   draw_char();
    47 00000237 FF6683C410          <1>
    48                              <1> 
    49 0000023C 41                  <1>         inc     ecx                             ;   //for(... ECX++)
    50 0000023D EBD9                <1>         jmp     .10L                            ;
    51                              <1> .10E:                                           ;}
    52                              <1> 
    53                              <1>         ;---------------------------------------
    54                              <1>         ;レジスタの復帰
    55                              <1>         ;---------------------------------------
    56 0000023F 5E                  <1>         pop     esi
    57 00000240 5F                  <1>         pop     edi
    58 00000241 59                  <1>         pop     ecx
    59 00000242 5B                  <1>         pop     ebx
    60 00000243 58                  <1>         pop     eax
    61                              <1> 
    62                              <1>         ;---------------------------------------
    63                              <1>         ;スタックフレームの破棄
    64                              <1>         ;---------------------------------------
    65 00000244 89EC                <1>         mov     esp, ebp
    66 00000246 5D                  <1>         pop     ebp
    67                              <1> 
    68 00000247 C3                  <1>         ret
    68                                  %include        "..\modules\protect\draw_str.s"
     1                              <1> draw_str:
     2                              <1>         ;-----------------------------------
     3                              <1>         ;スタックフレームの構築
     4                              <1>         ;-----------------------------------
     5                              <1>                                             ;   +12| Y(行)
     6                              <1>                                             ;   + 8| X(列)
     7                              <1>                                             ;   + 4| IP(戻り番号)
     8 00000248 55                  <1>         push   ebp                          ;EBP+ 0| EBP(元の値)
     9 00000249 89E5                <1>         mov    ebp, esp                     ;------|---------
    10                              <1> 
    11                              <1>         ;-----------------------------------
    12                              <1>         ;レジスタの保存
    13                              <1>         ;-----------------------------------
    14 0000024B 50                  <1>         push    eax
    15 0000024C 53                  <1>         push    ebx
    16 0000024D 51                  <1>         push    ecx
    17 0000024E 52                  <1>         push    edx
    18 0000024F 56                  <1>         push    esi
    19                              <1> 
    20                              <1>         ;---------------------------------------
    21                              <1>         ;引数を変数に代入
    22                              <1>         ;---------------------------------------
    23 00000250 8B4D08              <1>         mov     ecx, [ebp + 8]                  ;ECX = 列;
    24 00000253 8B550C              <1>         mov     edx, [ebp +12]                  ;EDX = 行;
    25 00000256 0FB75D10            <1>         movzx   ebx, word [ebp + 16]            ;EBX = 表示色;
    26 0000025A 8B7514              <1>         mov     esi, [ebp +20]                  ;ESI = 文字列へのアドレス;
    27                              <1> 
    28                              <1>         ;---------------------------------------
    29                              <1>         ;文字列を表示
    30                              <1>         ;---------------------------------------
    31 0000025D FC                  <1>         cld                                     ;DF = 0; //アドレス加算
    32                              <1> .10L:                                           ;do
    33                              <1>                                                 ;{
    34 0000025E AC                  <1>         lodsb                                   ;   AL = *ESI++;
    35 0000025F 3C00                <1>         cmp     al, 0                           ;   if(0 == AL)
    36 00000261 7425                <1>         je  .10E                                ;       break;
    37                              <1> 
    38 00000263 50535251E8DBFEFFFF- <1>         cdecl   draw_char, ecx, edx, ebx, eax   ;   draw_char();
    38 0000026C 6683C410            <1>
    39                              <1> 
    40                              <1>         ;---------------------------------------
    41                              <1>         ;文字の表示位置を更新
    42                              <1>         ;---------------------------------------
    43 00000270 41                  <1>         inc     ecx                             ;   ECX++; //列を加算
    44 00000271 83F950              <1>         cmp     ecx, 80                         ;   if(80 <= ECX) //80文字以上?
    45 00000274 7C10                <1>         jl      .12E                            ;   {
    46 00000276 B900000000          <1>         mov     ecx, 0                          ;       ECX = 0; //列を初期化
    47 0000027B 42                  <1>         inc     edx                             ;       EDX++; //行を加算
    48 0000027C 83FA1E              <1>         cmp     edx, 30                         ;       if(30 <= EDX) //30行以上?
    49 0000027F 7C05                <1>         jl      .12E                            ;       {
    50 00000281 BA00000000          <1>         mov     edx, 0                          ;           EDX = 0;
    51                              <1>                                                 ;       }
    52                              <1> .12E:                                           ;   }
    53 00000286 EBD6                <1>         jmp     .10L                            ;
    54                              <1> .10E:                                           ;}while(1);
    55                              <1> 
    56                              <1>         ;---------------------------------------
    57                              <1>         ;レジスタの復帰
    58                              <1>         ;---------------------------------------
    59 00000288 5E                  <1>         pop     esi
    60 00000289 5A                  <1>         pop     edx
    61 0000028A 59                  <1>         pop     ecx
    62 0000028B 5B                  <1>         pop     ebx
    63 0000028C 58                  <1>         pop     eax
    64                              <1> 
    65                              <1>         ;---------------------------------------
    66                              <1>         ;スタックフレームの破棄
    67                              <1>         ;---------------------------------------
    68 0000028D 89EC                <1>         mov     esp, ebp
    69 0000028F 5D                  <1>         pop     ebp
    70                              <1> 
    71 00000290 C3                  <1>         ret
    69                                  %include        "..\modules\protect\draw_color_bar.s"
     1                              <1> draw_color_bar:
     2                              <1>         ;-----------------------------------
     3                              <1>         ;スタックフレームの構築
     4                              <1>         ;-----------------------------------
     5                              <1>                                             ;   +12| Y(行)
     6                              <1>                                             ;   + 8| X(列)
     7                              <1>                                             ;   + 4| IP(戻り番号)
     8 00000291 55                  <1>         push   ebp                          ;EBP+ 0| EBP(元の値)
     9 00000292 89E5                <1>         mov    ebp, esp                     ;------|---------
    10                              <1> 
    11                              <1>         ;-----------------------------------
    12                              <1>         ;レジスタの保存
    13                              <1>         ;-----------------------------------
    14 00000294 50                  <1>         push    eax
    15 00000295 53                  <1>         push    ebx
    16 00000296 51                  <1>         push    ecx
    17 00000297 52                  <1>         push    edx
    18 00000298 56                  <1>         push    esi
    19                              <1> 
    20                              <1>         ;---------------------------------------
    21                              <1>         ;引数を変数に代入
    22                              <1>         ;---------------------------------------
    23 00000299 8B7508              <1>         mov     esi, [ebp + 8]                  ;ESI = X(列)
    24 0000029C 8B7D0C              <1>         mov     edi, [ebp +12]                  ;EDI = Y(行)
    25                              <1> 
    26                              <1>         ;---------------------------------------
    27                              <1>         ;カラーバーを表示
    28                              <1>         ;---------------------------------------
    29 0000029F B900000000          <1>         mov     ecx, 0                          ;for(ECX = 0;
    30 000002A4 83F910              <1> .10L:   cmp     ecx, 16                         ;    ECX < 16;
    31 000002A7 732E                <1>         jae     .10E
    32                              <1>                                                 ;ECX++)
    33                              <1>                                                 ;{
    34                              <1>         ;---------------------------------------
    35                              <1>         ;表示位置を計算(列)
    36                              <1>         ;---------------------------------------
    37 000002A9 89C8                <1>         mov     eax, ecx                        ;   EAX = ECX;
    38 000002AB 83E001              <1>         and     eax, 0x01                       ;   EAX &= 0x01;
    39 000002AE C1E003              <1>         shl     eax, 3                          ;   EAX *= 8; //8文字分乗算
    40 000002B1 01F0                <1>         add     eax, esi                        ;   EAX += X;
    41                              <1> 
    42                              <1>         ;---------------------------------------
    43                              <1>         ;表示位置を計算(行)
    44                              <1>         ;---------------------------------------
    45 000002B3 89CB                <1>         mov     ebx, ecx                        ;   EBX = ECX;
    46 000002B5 D1EB                <1>         shr     ebx, 1                          ;   EBX /= 2;
    47 000002B7 01FB                <1>         add     ebx, edi                        ;   EBX += Y;
    48                              <1> 
    49                              <1>         ;---------------------------------------
    50                              <1>         ;描画色を計算
    51                              <1>         ;---------------------------------------
    52 000002B9 89CA                <1>         mov     edx, ecx                        ;   EDX = ECX;
    53 000002BB D1E2                <1>         shl     edx, 1                          ;   EDX *= 2;
    54 000002BD 8B92[E9020000]      <1>         mov     edx, [.t0 + edx]                ;   EDX += Y;
    55                              <1> 
    56                              <1>         ;---------------------------------------
    57                              <1>         ;カラーバーを表示
    58                              <1>         ;---------------------------------------
    59 000002C3 68[E0020000]525350- <1>         cdecl   draw_str, eax, ebx, edx, .s0    ;   draw_str();
    59 000002CB E878FFFFFF6683C410  <1>
    60                              <1> 
    61 000002D4 41                  <1>         inc     ecx                             ;   //for(...ECX++
    62 000002D5 EBCD                <1>         jmp     .10L                            ;
    63                              <1> .10E:                                           ;}
    64                              <1> 
    65                              <1>         ;---------------------------------------
    66                              <1>         ;レジスタの復帰
    67                              <1>         ;---------------------------------------
    68 000002D7 5E                  <1>         pop     esi
    69 000002D8 5A                  <1>         pop     edx
    70 000002D9 59                  <1>         pop     ecx
    71 000002DA 5B                  <1>         pop     ebx
    72 000002DB 58                  <1>         pop     eax
    73                              <1> 
    74                              <1>         ;---------------------------------------
    75                              <1>         ;スタックフレームの破棄
    76                              <1>         ;---------------------------------------
    77 000002DC 89EC                <1>         mov     esp, ebp
    78 000002DE 5D                  <1>         pop     ebp
    79                              <1> 
    80 000002DF C3                  <1>         ret
    81                              <1> 
    82                              <1>         ;---------------------------------------
    83                              <1>         ;データ
    84                              <1>         ;---------------------------------------
    85 000002E0 202020202020202000  <1> .s0:    db  '        ', 0                       ;8文字分のスペース(表示色だけを変更)
    86                              <1> 
    87 000002E9 00000008            <1> .t0:    dw  0x0000, 0x0800                      ;カラーバーの背景色
    88 000002ED 00010009            <1>         dw  0x0100, 0x0900
    89 000002F1 0002000A            <1>         dw  0x0200, 0x0A00
    90 000002F5 0003000B            <1>         dw  0x0300, 0x0B00
    91 000002F9 0004000C            <1>         dw  0x0400, 0x0C00
    92 000002FD 0005000D            <1>         dw  0x0500, 0x0D00
    93 00000301 0006000E            <1>         dw  0x0600, 0x0E00
    94 00000305 0007000F            <1>         dw  0x0700, 0x0F00
    70                                  %include        "..\modules\protect\draw_pixel.s"
     1                              <1> draw_pixel:
     2                              <1>         ;-----------------------------------
     3                              <1>         ;スタックフレームの構築
     4                              <1>         ;-----------------------------------
     5                              <1>                                             ;   +16| 色
     6                              <1>                                             ;   +12| Y(行)
     7                              <1>                                             ;   + 8| X(列)
     8                              <1>                                             ;   + 4| IP(戻り番号)
     9 00000309 55                  <1>         push   ebp                          ;EBP+ 0| EBP(元の値)
    10 0000030A 89E5                <1>         mov    ebp, esp                     ;------|---------
    11                              <1> 
    12                              <1>         ;-----------------------------------
    13                              <1>         ;レジスタの保存
    14                              <1>         ;-----------------------------------
    15 0000030C 50                  <1>         push    eax
    16 0000030D 53                  <1>         push    ebx
    17 0000030E 51                  <1>         push    ecx
    18 0000030F 57                  <1>         push    edi
    19                              <1> 
    20                              <1>         ;---------------------------------------
    21                              <1>         ;描画位置のメモリアドレスを計算
    22                              <1>         ;---------------------------------------
    23                              <1>         ;---------------------------------------
    24                              <1>         ;Y座標を80倍する(640/8)
    25                              <1>         ;---------------------------------------
    26 00000310 8B7D0C              <1>         mov     edi, [ebp +12]                  ;EDI = Y座標;
    27 00000313 C1E704              <1>         shl     edi, 4                          ;EDI *= 16;
    28 00000316 8DBCBF00000A00      <1>         lea     edi, [edi * 4 + edi + 0xA_0000] ;EDI = 0xA_0000[EDI * 4 + EDI];
    29                              <1>         
    30                              <1>         ;---------------------------------------
    31                              <1>         ;X座標を1/8して加算
    32                              <1>         ;---------------------------------------
    33 0000031D 8B5D08              <1>         mov     ebx, [ebp + 8]                  ;EBX = X座標;
    34 00000320 89D9                <1>         mov     ecx, ebx                        ;ECX = X座標; //一時保存
    35 00000322 C1EB03              <1>         shr     ebx, 3                          ;EBX /= 8;
    36 00000325 01DF                <1>         add     edi, ebx                        ;EDI += EBX;
    37                              <1> 
    38                              <1>         ;---------------------------------------
    39                              <1>         ;X座標を8で割った余りからビット位置を計算(出力ビットパターン)
    40                              <1>         ;(0=0x80, 1=0x40,... 7=0x01)
    41                              <1>         ;---------------------------------------
    42 00000327 83E107              <1>         and     ecx, 0x07                       ;ECX = X & 0x07;
    43 0000032A BB80000000          <1>         mov     ebx, 0x80                       ;EBX = 0x80;
    44 0000032F D3EB                <1>         shr     ebx, cl                         ;EBX >>= ECX;
    45                              <1> 
    46                              <1>         ;---------------------------------------
    47                              <1>         ;色を指定
    48                              <1>         ;---------------------------------------
    49 00000331 8B4D10              <1>         mov     ecx, [ebp +16]                  ;表示色
    50                              <1> 
    51                              <1>         ;---------------------------------------
    52                              <1>         ;プレーンごとに出力
    53                              <1>         ;---------------------------------------
    54 00000334 6A03E851FDFFFF6683- <1>         cdecl   vga_set_read_plane, 0x03        ;輝度(I)プレーンを選択
    54 0000033D C404                <1>
    55 0000033F 6A08E863FDFFFF6683- <1>         cdecl   vga_set_write_plane, 0x08       ;輝度(I)プレーンを選択
    55 00000348 C404                <1>
    56 0000034A 516A085753E8C5FDFF- <1>         cdecl   vram_bit_copy, ebx, edi, 0x08, ecx
    56 00000353 FF6683C410          <1>
    57                              <1> 
    58 00000358 6A02E82DFDFFFF6683- <1>         cdecl   vga_set_read_plane, 0x02        ;赤(R)プレーンを選択
    58 00000361 C404                <1>
    59 00000363 6A04E83FFDFFFF6683- <1>         cdecl   vga_set_write_plane, 0x04       ;赤(R)プレーンを選択
    59 0000036C C404                <1>
    60 0000036E 516A045753E8A1FDFF- <1>         cdecl   vram_bit_copy, ebx, edi, 0x04, ecx
    60 00000377 FF6683C410          <1>
    61                              <1> 
    62 0000037C 6A01E809FDFFFF6683- <1>         cdecl   vga_set_read_plane, 0x01        ;緑(G)プレーンを選択
    62 00000385 C404                <1>
    63 00000387 6A02E81BFDFFFF6683- <1>         cdecl   vga_set_write_plane, 0x02       ;緑(G)プレーンを選択
    63 00000390 C404                <1>
    64 00000392 516A025753E87DFDFF- <1>         cdecl   vram_bit_copy, ebx, edi, 0x02, ecx
    64 0000039B FF6683C410          <1>
    65                              <1> 
    66 000003A0 6A00E8E5FCFFFF6683- <1>         cdecl   vga_set_read_plane, 0x00        ;青(B)プレーンを選択
    66 000003A9 C404                <1>
    67 000003AB 6A01E8F7FCFFFF6683- <1>         cdecl   vga_set_write_plane, 0x01       ;青(B)プレーンを選択
    67 000003B4 C404                <1>
    68 000003B6 516A015753E859FDFF- <1>         cdecl   vram_bit_copy, ebx, edi, 0x01, ecx
    68 000003BF FF6683C410          <1>
    69                              <1> 
    70                              <1>         ;---------------------------------------
    71                              <1>         ;レジスタの復帰
    72                              <1>         ;---------------------------------------
    73 000003C4 5F                  <1>         pop     edi
    74 000003C5 59                  <1>         pop     ecx
    75 000003C6 5B                  <1>         pop     ebx
    76 000003C7 58                  <1>         pop     eax
    77                              <1> 
    78                              <1>         ;---------------------------------------
    79                              <1>         ;スタックフレームの破棄
    80                              <1>         ;---------------------------------------
    81 000003C8 89EC                <1>         mov     esp, ebp
    82 000003CA 5D                  <1>         pop     ebp
    83                              <1> 
    84 000003CB C3                  <1>         ret
    71                                  %include        "..\modules\protect\draw_line.s"
     1                              <1> draw_line:
     2                              <1>         ;-----------------------------------
     3                              <1>         ;スタックフレームの構築
     4                              <1>         ;-----------------------------------
     5                              <1>                                             ;   +24| 色
     6                              <1>                                             ;   +20| Y1(終点のY座標)
     7                              <1>                                             ;   +16| X1(終点のX座標)
     8                              <1>                                             ;   +12| Y0(始点のY座標)
     9                              <1>                                             ;   + 8| X0(始点のX座標)
    10                              <1>                                             ;   + 4| IP(戻り番号)
    11 000003CC 55                  <1>         push    ebp                         ;EBP+ 0| EBP(元の値)
    12 000003CD 89E5                <1>         mov     ebp, esp                    ;------|---------
    13                              <1> 
    14                              <1>         ;-----------------------------------
    15                              <1>         ;変数を定義
    16                              <1>         ;-----------------------------------
    17 000003CF 6A00                <1>         push    dword 0                     ;   - 4| sum = 0; //相対軸の積算値
    18 000003D1 6A00                <1>         push    dword 0                     ;   - 8| x0 = 0; //X座標
    19 000003D3 6A00                <1>         push    dword 0                     ;   -12| dx = 0; //X増分
    20 000003D5 6A00                <1>         push    dword 0                     ;   -16| inc_x = 0; //X座標増分(基準軸:1 or -1)
    21 000003D7 6A00                <1>         push    dword 0                     ;   -20| y0 = 0; //Y座標
    22 000003D9 6A00                <1>         push    dword 0                     ;   -24| dy = 0; //Y増分
    23 000003DB 6A00                <1>         push    dword 0                     ;   -28| inc_y = 0; //Y座標増分(基準軸:1 or -1)
    24                              <1> 
    25                              <1>         ;-----------------------------------
    26                              <1>         ;レジスタの保存
    27                              <1>         ;-----------------------------------
    28 000003DD 50                  <1>         push    eax
    29 000003DE 53                  <1>         push    ebx
    30 000003DF 51                  <1>         push    ecx
    31 000003E0 57                  <1>         push    edi
    32 000003E1 52                  <1>         push    edx
    33 000003E2 56                  <1>         push    esi
    34                              <1> 
    35                              <1>         ;---------------------------------------
    36                              <1>         ;幅を計算(X軸)
    37                              <1>         ;---------------------------------------
    38 000003E3 8B4508              <1>         mov     eax, [ebp + 8]                  ;EAX = X0;
    39 000003E6 8B5D10              <1>         mov     ebx, [ebp +16]                  ;EBX = X1;
    40 000003E9 29C3                <1>         sub     ebx, eax                        ;EBX = X1 - X0; //幅
    41 000003EB 7D09                <1>         jge     .10F                            ;if(幅 < 0)
    42                              <1>                                                 ;{
    43 000003ED F7DB                <1>         neg     ebx                             ;   幅 *= -1;
    44 000003EF BEFFFFFFFF          <1>         mov     esi, -1                         ;   //X座標の増分
    45 000003F4 EB05                <1>         jmp     .10E                            ;}
    46                              <1> .10F:                                           ;else
    47                              <1>                                                 ;{
    48 000003F6 BE01000000          <1>         mov     esi, 1                          ;   //X座標の増分
    49                              <1> .10E:                                           ;}
    50                              <1> 
    51                              <1>         ;---------------------------------------
    52                              <1>         ;高さを計算(Y軸)
    53                              <1>         ;---------------------------------------
    54 000003FB 8B4D0C              <1>         mov     ecx, [ebp +12]                  ;ECX = Y0;
    55 000003FE 8B5514              <1>         mov     edx, [ebp +20]                  ;EDX = Y1;
    56 00000401 29CA                <1>         sub     edx, ecx                        ;EDX = Y1 - Y0; //高さ
    57 00000403 7D09                <1>         jge     .20F                            ;if(高さ < 0)
    58                              <1>                                                 ;{
    59 00000405 F7DA                <1>         neg     edx                             ;   高さ *= -1;
    60 00000407 BFFFFFFFFF          <1>         mov     edi, -1                         ;   //Y座標の増分
    61 0000040C EB05                <1>         jmp     .20E                            ;}
    62                              <1> .20F:                                           ;else
    63                              <1>                                                 ;{
    64 0000040E BF01000000          <1>         mov     edi, 1                          ;   //Y座標の増分
    65                              <1> .20E:                                           ;}
    66                              <1>         
    67                              <1>         ;---------------------------------------
    68                              <1>         ;X軸
    69                              <1>         ;---------------------------------------
    70 00000413 8945F8              <1>         mov     [ebp - 8], eax                  ;//X軸:開始座標
    71 00000416 895DF4              <1>         mov     [ebp -12], ebx                  ;//X軸:描画幅
    72 00000419 8975F0              <1>         mov     [ebp -16], esi                  ;//X軸:増分(基準軸:1 or -1)
    73                              <1> 
    74                              <1>         ;---------------------------------------
    75                              <1>         ;Y軸
    76                              <1>         ;---------------------------------------
    77 0000041C 894DEC              <1>         mov     [ebp -20], ecx                  ;//Y軸:開始座標
    78 0000041F 8955E8              <1>         mov     [ebp -24], edx                  ;//Y軸:描画幅
    79 00000422 897DE4              <1>         mov     [ebp -28], edi                  ;//Y軸:増分(基準軸:1 or -1)
    80                              <1> 
    81                              <1>         ;---------------------------------------
    82                              <1>         ;基準軸を決める
    83                              <1>         ;---------------------------------------
    84 00000425 39D3                <1>         cmp     ebx, edx                        ;if(幅 <= 高さ)
    85 00000427 7F08                <1>         jg      .22F                            ;{
    86                              <1>         
    87 00000429 8D75EC              <1>         lea     esi, [ebp -20]                  ;   //X軸が基準軸
    88 0000042C 8D7DF8              <1>         lea     edi, [ebp - 8]                  ;   //Y軸が相対軸
    89                              <1> 
    90 0000042F EB06                <1>         jmp     .22E                            ;}
    91                              <1> .22F:                                           ;else
    92                              <1>                                                 ;{
    93 00000431 8D75F8              <1>         lea     esi, [ebp - 8]                  ;   //Y軸が基準軸
    94 00000434 8D7DEC              <1>         lea     edi, [ebp -20]                  ;   //X軸が相対軸
    95                              <1> .22E:                                           ;}
    96                              <1> 
    97                              <1>         ;---------------------------------------
    98                              <1>         ;繰り返し回数(基準軸のドット数)(基準軸の長さが0な場合,繰り返し回数を1に設定し,1ピクセルの点を描画)
    99                              <1>         ;---------------------------------------
   100 00000437 8B4EFC              <1>         mov     ecx, [esi - 4]                  ;ECX = 基準軸描画幅
   101 0000043A 83F900              <1>         cmp     ecx, 0                          ;if(0 == ECX)
   102 0000043D 7505                <1>         jnz     .30E                            ;{
   103 0000043F B901000000          <1>         mov     ecx, 1                          ;   ECX = 1;
   104                              <1> .30E:                                           ;}
   105                              <1> 
   106                              <1>         ;---------------------------------------
   107                              <1>         ;線を描画
   108                              <1>         ;---------------------------------------
   109                              <1> .50L:                                           ;do
   110                              <1>                                                 ;{
   113 00000444 FF7518FF75ECFF75F8- <1>         cdecl   draw_pixel, dword [ebp - 8],                             dword [ebp -20],                             dword [ebp +24]     ;   //点の描画
   113 0000044D E8B7FEFFFF6683C40C  <1>
   114                              <1> 
   115                              <1>         ;---------------------------------------
   116                              <1>         ;基準軸を更新
   117                              <1>         ;---------------------------------------
   118 00000456 8B46F8              <1>         mov     eax, [esi - 8]                  ;   EAX = 基準軸増加(1 or -1);
   119 00000459 0106                <1>         add     [esi - 0], eax                  ;
   120                              <1> 
   121                              <1>         ;---------------------------------------
   122                              <1>         ;相対軸を更新
   123                              <1>         ;---------------------------------------
   124 0000045B 8B45FC              <1>         mov     eax, [ebp - 4]                  ;   EAX = sum;  //相対軸の積算値
   125 0000045E 0347FC              <1>         add     eax, [edi - 4]                  ;   EAX += dy;  //増加(相対軸の描画幅)
   126                              <1> 
   127 00000461 8B5EFC              <1>         mov     ebx, [esi - 4]                  ;   EBX = dx;   //増分(基準軸の描画幅)
   128                              <1> 
   129 00000464 39D8                <1>         cmp     eax, ebx                        ;   if(積算値 <= 相対軸の増分)
   130 00000466 7C07                <1>         jl      .52E                            ;   {
   131 00000468 29D8                <1>         sub     eax, ebx                        ;       EAX -= EBX; //積算値から相対軸の増分を減算
   132                              <1>                                                 ;       //相対軸の座標を更新(1ドット分)
   133 0000046A 8B5FF8              <1>         mov     ebx, [edi - 8]                  ;       EBX = 相対軸増分;
   134 0000046D 011F                <1>         add     [edi - 0], ebx                  ;       相対軸座標 = EBX;
   135                              <1> .52E:                                           ;   }
   136                              <1> 
   137 0000046F 8945FC              <1>         mov     [ebp - 4], eax                  ;//積算値を更新
   138                              <1> 
   139 00000472 E2D0                <1>         loop    .50L
   140                              <1> .50E:                                           ;} while(ループ回数--);
   141                              <1> 
   142                              <1>         ;---------------------------------------
   143                              <1>         ;レジスタの復帰
   144                              <1>         ;---------------------------------------
   145 00000474 5E                  <1>         pop     esi
   146 00000475 5A                  <1>         pop     edx
   147 00000476 5F                  <1>         pop     edi
   148 00000477 59                  <1>         pop     ecx
   149 00000478 5B                  <1>         pop     ebx
   150 00000479 58                  <1>         pop     eax
   151                              <1> 
   152                              <1>         ;---------------------------------------
   153                              <1>         ;スタックフレームの破棄
   154                              <1>         ;---------------------------------------
   155 0000047A 89EC                <1>         mov     esp, ebp
   156 0000047C 5D                  <1>         pop     ebp
   157                              <1> 
   158 0000047D C3                  <1>         ret
    72                                  %include        "..\modules\protect\draw_rect.s"
     1                              <1> draw_rect:
     2                              <1>         ;-----------------------------------
     3                              <1>         ;スタックフレームの構築
     4                              <1>         ;-----------------------------------
     5                              <1>                                             ;   +24| 色
     6                              <1>                                             ;   +20| Y1(終点のY座標)
     7                              <1>                                             ;   +16| X1(終点のX座標)
     8                              <1>                                             ;   +12| Y0(始点のY座標)
     9                              <1>                                             ;   + 8| X0(始点のX座標)
    10                              <1>                                             ;   + 4| IP(戻り番号)
    11 0000047E 55                  <1>         push    ebp                         ;EBP+ 0| EBP(元の値)
    12 0000047F 89E5                <1>         mov     ebp, esp                    ;------|---------
    13                              <1>         ;-----------------------------------
    14                              <1>         ;レジスタの保存
    15                              <1>         ;-----------------------------------
    16 00000481 50                  <1>         push    eax
    17 00000482 53                  <1>         push    ebx
    18 00000483 51                  <1>         push    ecx
    19 00000484 52                  <1>         push    edx
    20 00000485 56                  <1>         push    esi
    21                              <1> 
    22                              <1>         ;---------------------------------------
    23                              <1>         ;変数に引数を代入
    24                              <1>         ;---------------------------------------
    25 00000486 8B4508              <1>         mov     eax, [ebp + 8]                  ;EAX = X0;
    26 00000489 8B5D0C              <1>         mov     ebx, [ebp +12]                  ;EBX = Y0;
    27 0000048C 8B4D10              <1>         mov     ecx, [ebp +16]                  ;ECX = X1;
    28 0000048F 8B5514              <1>         mov     edx, [ebp +20]                  ;EDX = Y1;
    29 00000492 8B7518              <1>         mov     esi, [ebp +24]                  ;ESI = 色;
    30                              <1> 
    31                              <1>         ;---------------------------------------
    32                              <1>         ;座標軸の大小を確定
    33                              <1>         ;---------------------------------------
    34 00000495 39C8                <1>         cmp     eax, ecx                        ;if(X1 < X0)
    35 00000497 7C01                <1>         jl      .10E                            ;{
    36 00000499 91                  <1>         xchg    eax, ecx                        ;   //X0とX1を入れ替える;
    37                              <1> .10E:                                           ;}
    38                              <1> 
    39 0000049A 39D3                <1>         cmp     ebx, edx                        ;if(Y1 < Y0)
    40 0000049C 7C02                <1>         jl      .20E                            ;{
    41 0000049E 87DA                <1>         xchg    ebx, edx                        ;   //Y0とY1を入れ替える;
    42                              <1> .20E:                                           ;}
    43                              <1> 
    44                              <1>         ;---------------------------------------
    45                              <1>         ;矩形を描画
    46                              <1>         ;---------------------------------------
    47 000004A0 5653515350E822FFFF- <1>         cdecl   draw_line, eax, ebx, ecx, ebx, esi  ;上線
    47 000004A9 FF6683C414          <1>
    48 000004AE 5652505350E814FFFF- <1>         cdecl   draw_line, eax, ebx, eax, edx, esi  ;左線
    48 000004B7 FF6683C414          <1>
    49                              <1> 
    50 000004BC 4A                  <1>         dec     edx                                 ;EDX--; //下線は1ドット上げる
    51 000004BD 5652515250E805FFFF- <1>         cdecl   draw_line, eax, edx, ecx, edx, esi  ;下線
    51 000004C6 FF6683C414          <1>
    52 000004CB 42                  <1>         inc     edx
    53                              <1> 
    54 000004CC 49                  <1>         dec     ecx                                 ;ECX--; //右線は1ドット左に移動
    55 000004CD 5652515351E8F5FEFF- <1>         cdecl   draw_line, ecx, ebx, ecx, edx, esi  ;右線
    55 000004D6 FF6683C414          <1>
    56                              <1> 
    57                              <1>         ;---------------------------------------
    58                              <1>         ;レジスタの復帰
    59                              <1>         ;---------------------------------------
    60 000004DB 5E                  <1>         pop     esi
    61 000004DC 5A                  <1>         pop     edx
    62 000004DD 59                  <1>         pop     ecx
    63 000004DE 5B                  <1>         pop     ebx
    64 000004DF 58                  <1>         pop     eax
    65                              <1> 
    66                              <1>         ;---------------------------------------
    67                              <1>         ;スタックフレームの破棄
    68                              <1>         ;---------------------------------------
    69 000004E0 89EC                <1>         mov     esp, ebp
    70 000004E2 5D                  <1>         pop     ebp
    71                              <1> 
    72 000004E3 C3                  <1>         ret
    73                                  %include        "..\modules\protect\itoa.s"
     1                              <1> itoa:
     2                              <1>         ;-----------------------------------
     3                              <1>         ;スタックフレームの構築
     4                              <1>         ;-----------------------------------
     5                              <1>                                             ;   +24| フラグ
     6                              <1>                                             ;   +20| 基数
     7                              <1>                                             ;   +16| バッファサイズ
     8                              <1>                                             ;   +12| バッファアドレス
     9                              <1>                                             ;   + 8| 数値
    10                              <1>                                             ;   + 4| IP(戻り番号)
    11 000004E4 55                  <1>         push    ebp                         ;EBP+ 0|EBP(元の値)
    12 000004E5 89E5                <1>         mov     ebp, esp                    ;------|---------
    13                              <1> 
    14                              <1>         ;-----------------------------------
    15                              <1>         ;レジスタの保存
    16                              <1>         ;-----------------------------------
    17 000004E7 50                  <1>         push    eax
    18 000004E8 53                  <1>         push    ebx
    19 000004E9 51                  <1>         push    ecx
    20 000004EA 52                  <1>         push    edx
    21 000004EB 56                  <1>         push    esi
    22 000004EC 57                  <1>         push    edi
    23                              <1> 
    24                              <1>         ;---------------------------------------
    25                              <1>         ;引数の取得
    26                              <1>         ;---------------------------------------
    27 000004ED 8B4508              <1>         mov     eax, [ebp + 8]                  ;eax(val) =  数値;
    28 000004F0 8B750C              <1>         mov     esi, [ebp + 12]                 ;esi(dst) = バッファアドレス;
    29 000004F3 8B4D10              <1>         mov     ecx, [ebp + 16]                 ;ecx(size) = バッファサイズ;
    30                              <1> 
    31 000004F6 89F7                <1>         mov     edi, esi                        ;edi = esi(dst); //バッファの最後尾
    32 000004F8 01CF                <1>         add     edi, ecx                        ;edi(dst) = edi + ecx - 1;
    33 000004FA 4F                  <1>         dec     edi
    34                              <1> 
    35 000004FB 8B5D18              <1>         mov     ebx, [ebp + 24]            ;flags = オプション;
    36                              <1> 
    37                              <1>         ;---------------------------------------
    38                              <1>         ;符号付き判定
    39                              <1>         ;---------------------------------------
    40 000004FE F7C301000000        <1>         test    ebx, 0b0001                      ;if(flags & 0x01) //符号付き
    41 00000504 7408                <1> .10Q:   je      .10E                            ;{
    42 00000506 83F800              <1>         cmp     eax, 0                          ;   if(val < 0)
    43 00000509 7D03                <1> .12Q:   jge     .12E                            ;   {
    44 0000050B 83CB02              <1>         or      ebx, 0b0010                     ;       flags |= 2; //符号表示
    45                              <1> .12E:                                           ;   }
    46                              <1> .10E:                                           ;}
    47                              <1> 
    48                              <1>         ;---------------------------------------
    49                              <1>         ;符号付き判定
    50                              <1>         ;---------------------------------------
    51 0000050E F7C302000000        <1>         test    ebx, 0b0010                     ;if(flags & 0x02) //符号出力判定
    52 00000514 7410                <1> .20Q:   je      .20E                            ;{
    53 00000516 83F800              <1>         cmp     eax, 0                          ;   if(val < 0)
    54 00000519 7D07                <1> .22Q:   jge     .22F                            ;   {
    55 0000051B F7D8                <1>         neg     eax                             ;       val *= -1; //符号反転
    56 0000051D C6062D              <1>         mov     [esi], byte '-'                 ;       *dst = '-'; //符号表示
    57 00000520 EB03                <1>         jmp     .22E                            ;   }
    58                              <1> .22F:                                           ;   else
    59                              <1>                                                 ;   {
    60 00000522 C6062B              <1>         mov     [esi], byte '+'                 ;       *dst = '+'; //符号表示
    61                              <1> .22E:                                           ;   }
    62 00000525 49                  <1>         dec     ecx                             ;   size--;     //残りバッファサイズの減算
    63                              <1> .20E:                                           ;}
    64                              <1> 
    65                              <1>         ;---------------------------------------
    66                              <1>         ;ASCII変換
    67                              <1>         ;---------------------------------------
    68 00000526 8B5D14              <1>         mov     ebx, [ebp + 20]                 ;BX = 基数;
    69                              <1> .30L:                                           ;do
    70                              <1>                                                 ;{
    71 00000529 BA00000000          <1>         mov     edx, 0                          ;
    72 0000052E F7F3                <1>         div     ebx                             ;   DX = DX:AX % 基数;
    73                              <1>                                                 ;   AX = DX:AX / 基数;
    74                              <1>                                                 ;
    75 00000530 89D6                <1>         mov     esi, edx                        ;   //テーブル参照
    76 00000532 8A96[5D050000]      <1>         mov     dl, byte [.ascii + esi]         ;   DL = ASCII[DX]
    77                              <1>                                                 ;
    78 00000538 8817                <1>         mov     [edi], dl                       ;   *dst = DL;
    79 0000053A 4F                  <1>         dec     edi                             ;   dst--;
    80                              <1>                                                 ;
    81 0000053B 83F800              <1>         cmp     eax, 0                          ;
    82 0000053E E0E9                <1>         loopnz  .30L                            ;}while(AX);
    83                              <1> .30E:
    84                              <1> 
    85                              <1>         ;---------------------------------------
    86                              <1>         ;空欄を埋める
    87                              <1>         ;---------------------------------------
    88 00000540 83F900              <1>         cmp     ecx, 0                          ;if(size)
    89 00000543 740E                <1> .40Q:   je      .40E                            ;{
    90 00000545 B020                <1>         mov     al, ' '                         ;       AL = ' '; // ' 'で埋める(デフォルト値)
    91 00000547 66837D1804          <1>         cmp     [ebp + 24], word 0b0100         ;       if(flags & 0x04)
    92 0000054C 7502                <1> .42Q:   jne     .42E                            ;           {
    93 0000054E B030                <1>         mov     al, '0'                         ;               AL = '0'; // '0'で埋める
    94                              <1> .42E:                                           ;           }
    95 00000550 FD                  <1>         std                                     ;       // DF = 1(-方向)
    96 00000551 F3AA                <1>         rep     stosb                           ;       while(--CX) *DI -- = AL;
    97                              <1> .40E:                                           ;}
    98                              <1>         
    99                              <1>         ;---------------------------------------
   100                              <1>         ;レジスタの復帰
   101                              <1>         ;---------------------------------------
   102 00000553 5F                  <1>         pop     edi
   103 00000554 5E                  <1>         pop     esi
   104 00000555 5A                  <1>         pop     edx
   105 00000556 59                  <1>         pop     ecx
   106 00000557 5B                  <1>         pop     ebx
   107 00000558 58                  <1>         pop     eax
   108                              <1> 
   109                              <1>         ;---------------------------------------
   110                              <1>         ;スタックフレームの破棄
   111                              <1>         ;---------------------------------------
   112 00000559 89EC                <1>         mov     esp, ebp
   113 0000055B 5D                  <1>         pop     ebp
   114                              <1> 
   115 0000055C C3                  <1>         ret
   116                              <1> 
   117 0000055D 303132333435363738- <1> .ascii  db      "0123456789ABCDEF"              ;変換テーブル
   117 00000566 39414243444546      <1>
    74                                  %include        "..\modules\protect\rtc.s"
     1                              <1> rtc_get_time:
     2                              <1>         ;-----------------------------------
     3                              <1>         ;スタックフレームの構築
     4                              <1>         ;-----------------------------------
     5                              <1>                                             ;   + 8| 保存先アドレス
     6                              <1>                                             ;   + 4| IP(戻り番号)
     7 0000056D 55                  <1>         push   ebp                          ;EBP+ 0| EBP(元の値)
     8 0000056E 89E5                <1>         mov    ebp, esp                     ;------|---------
     9                              <1> 
    10                              <1>         ;-----------------------------------
    11                              <1>         ;レジスタの保存
    12                              <1>         ;-----------------------------------
    13 00000570 53                  <1>         push    ebx
    14                              <1> 
    15                              <1>         ;---------------------------------------
    16                              <1>         ;RTCから必要な情報を取得
    17                              <1>         ;---------------------------------------
    18 00000571 B00A                <1>         mov     al, 0x0A                        ;//レジスタA
    19 00000573 E670                <1>         out     0x70, al                        ;outp(0x70, AL);
    20 00000575 E471                <1>         in      al, 0x71                        ;AL = レジスタA
    21 00000577 A880                <1>         test    al, 0x80                        ;if(UIP) //更新中
    22 00000579 7407                <1>         je      .10F                            ;{
    23 0000057B B801000000          <1>         mov     eax, 1                          ;   return 0; //データ更新中
    24 00000580 EB27                <1>         jmp     .10E                            ;}
    25                              <1> .10F:                                           ;else
    26                              <1>                                                 ;{
    27 00000582 B004                <1>         mov     al, 0x04                        ;   AL = 0x04;
    28 00000584 E670                <1>         out     0x70, al                        ;   outp(0x70, AL);
    29 00000586 E471                <1>         in      al, 0x71                        ;   AL = inp(0x71); //時データ
    30                              <1> 
    31 00000588 C1E008              <1>         shl     eax, 8                          ;   EAX <<= 8; //データを退避
    32                              <1> 
    33 0000058B B002                <1>         mov     al, 0x02                        ;   AL = 0x02;
    34 0000058D E670                <1>         out     0x70, al                        ;   outp(0x70, AL);
    35 0000058F E471                <1>         in      al, 0x71                        ;   AL = inp(0x71); //分データ
    36                              <1> 
    37 00000591 C1E008              <1>         shl     eax, 8                          ;   EAX <<= 8; //データを退避
    38                              <1> 
    39                              <1>                                                 ;   RAM[0x00]:秒
    40 00000594 B000                <1>         mov     al, 0x00                        ;   AL = 0x00;
    41 00000596 E670                <1>         out     0x70, al                        ;   outp(0x70, AL);
    42 00000598 E471                <1>         in      al, 0x71                        ;   AL = inp(0x71); //秒データ
    43                              <1> 
    44                              <1>         ;---------------------------------------
    45                              <1>         ;有効なデータのみをアドレス先へ保存
    46                              <1>         ;---------------------------------------
    47 0000059A 25FFFFFF00          <1>         and     eax, 0x00_FF_FF_FF              ;//下位3バイトのみ有効
    48                              <1> 
    49 0000059F 8B5D08              <1>         mov     ebx, [ebp + 8]                  ;dst = 保存先;
    50 000005A2 8903                <1>         mov     [ebx], eax                      ;[dst] = 時刻;
    51                              <1>         
    52 000005A4 B801000000          <1>         mov     eax, 1                          ;   return 1; //正常終了
    53                              <1> .10E:                                           ;}
    54                              <1> 
    55                              <1>         ;---------------------------------------
    56                              <1>         ;レジスタの復帰
    57                              <1>         ;---------------------------------------
    58 000005A9 5B                  <1>         pop     ebx
    59                              <1> 
    60                              <1>         ;---------------------------------------
    61                              <1>         ;スタックフレームの破棄
    62                              <1>         ;---------------------------------------
    63 000005AA 89EC                <1>         mov     esp, ebp
    64 000005AC 5D                  <1>         pop     ebp
    65                              <1> 
    66 000005AD C3                  <1>         ret
    75                                  %include        "..\modules\protect\draw_time.s"
     1                              <1> draw_time:
     2                              <1>         ;-----------------------------------
     3                              <1>         ;スタックフレームの構築
     4                              <1>         ;-----------------------------------
     5                              <1>                                             ;   +24| フラグ
     6                              <1>                                             ;   +20| 基数
     7                              <1>                                             ;   +16| バッファサイズ
     8                              <1>                                             ;   +12| バッファアドレス
     9                              <1>                                             ;   + 8| 数値
    10                              <1>                                             ;   + 4| IP(戻り番号)
    11 000005AE 55                  <1>         push    ebp                         ;EBP+ 0|EBP(元の値)
    12 000005AF 89E5                <1>         mov     ebp, esp                    ;------|---------
    13                              <1> 
    14                              <1>         ;-----------------------------------
    15                              <1>         ;レジスタの保存
    16                              <1>         ;-----------------------------------
    17 000005B1 50                  <1>         push    eax
    18 000005B2 53                  <1>         push    ebx
    19                              <1> 
    20                              <1>         ;---------------------------------------
    21                              <1>         ;数字を文字に変換
    22                              <1>         ;---------------------------------------
    23 000005B3 8B4514              <1>         mov     eax, [ebp +20]                  ;EAX = 時刻データ;
    24                              <1> 
    25 000005B6 0FB6D8              <1>         movzx   ebx, al                         ;EBX = 秒;
    26 000005B9 6A046A106A0268-     <1>         cdecl   itoa, ebx, .sec, 2, 16, 0b0100  ;//文字を変換
    26 000005C0 [20060000]53E81AFF- <1>
    26 000005C8 FFFF6683C414        <1>
    27                              <1> 
    28 000005CE 88E3                <1>         mov     bl, ah                          ;EBX = 分;
    29 000005D0 6A046A106A0268-     <1>         cdecl   itoa, ebx, .min, 2, 16, 0b0100  ;//文字に変換
    29 000005D7 [1D060000]53E803FF- <1>
    29 000005DF FFFF6683C414        <1>
    30                              <1> 
    31 000005E5 C1E810              <1>         shr     eax, 16                         ;EBX = 時;
    32 000005E8 6A046A106A0268-     <1>         cdecl   itoa, eax, .hour, 2, 16, 0b0100 ;//文字に変換
    32 000005EF [1A060000]50E8EBFE- <1>
    32 000005F7 FFFF6683C414        <1>
    33                              <1> 
    34                              <1>         ;---------------------------------------
    35                              <1>         ;文字列を表示
    36                              <1>         ;---------------------------------------
    37 000005FD 68[1A060000]FF7510- <1>         cdecl   draw_str, dword [ebp + 8], dword [ebp +12], dword [ebp +16], .hour
    37 00000605 FF750CFF7508E838FC- <1>
    37 0000060E FFFF6683C410        <1>
    38                              <1>         
    39                              <1>         ;---------------------------------------
    40                              <1>         ;レジスタの復帰
    41                              <1>         ;---------------------------------------
    42 00000614 5B                  <1>         pop     ebx
    43 00000615 58                  <1>         pop     eax
    44                              <1> 
    45                              <1>         ;---------------------------------------
    46                              <1>         ;スタックフレームの破棄
    47                              <1>         ;---------------------------------------
    48 00000616 89EC                <1>         mov     esp, ebp
    49 00000618 5D                  <1>         pop     ebp
    50                              <1> 
    51 00000619 C3                  <1>         ret
    52                              <1> 
    53                              <1>         ;---------------------------------------
    54                              <1>         ;データ
    55                              <1>         ;---------------------------------------
    56 0000061A 5A5A3A              <1>         .hour:  db  "ZZ:"
    57 0000061D 5A5A3A              <1>         .min:   db  "ZZ:"
    58 00000620 5A5A00              <1>         .sec:   db  "ZZ", 0
    76                                  
    77                                  ;********************************************************************************************************
    78                                  ;パディング
    79                                  ;********************************************************************************************************
    80 00000623 00<rept>                        times KERNEL_SIZE - ($ - $$)    db 0    ;パディング
