     1                                  ;********************************************************************************************************
     2                                  ;マクロ
     3                                  ;********************************************************************************************************
     4                                  %include        "..\include\define.s"
     1                              <1> SECT_SIZE   equ     (512)                   ;セクタサイズ
     2                              <1> 
     3                              <1> BOOT_LOAD   equ     0x7C00                  ;ブートプログラムのロード位置
     4                              <1> BOOT_END    equ     (BOOT_LOAD + BOOT_SIZE)
     5                              <1> BOOT_SIZE   equ     (1024 * 8)              ;ブートコードサイズ
     6                              <1> BOOT_SECT   equ     (BOOT_SIZE / SECT_SIZE) ;ブートプログラムのセクタ数
     7                              <1> 
     8                              <1> KERNEL_LOAD equ     0x0010_1000
     9                              <1> KERNEL_SIZE equ     (1024*8)                ;カーネルサイズ
    10                              <1> KERNEL_SECT equ     (KERNEL_SIZE / SECT_SIZE)
    11                              <1> 
    12                              <1> E820_RECORD_SIZE    equ 20
     5                                  %include        "..\include\macro.s"
     1                              <1> struc drive
     2 00000000 <res 00000002>      <1>         .no         resw    1           ;ドライブ番号
     3 00000002 <res 00000002>      <1>         .cyln       resw    1           ;シリンダ
     4 00000004 <res 00000002>      <1>         .head       resw    1           ;ヘッド
     5 00000006 <res 00000002>      <1>         .sect       resw    1           ;セクタ
     6                              <1> endstruc
     7                              <1> 
     8                              <1> %macro  cdecl   1-*.nolist
     9                              <1> 
    10                              <1>     %rep    %0 - 1
    11                              <1>         push    %{-1:-1}
    12                              <1>         %rotate -1
    13                              <1>     %endrep
    14                              <1>     %rotate -1
    15                              <1> 
    16                              <1>         call    %1
    17                              <1> 
    18                              <1>     %if 1 < %0
    19                              <1>         add     sp, (__BITS__ >> 3) * (%0 - 1)
    20                              <1>     %endif
    21                              <1> 
    22                              <1> %endmacro
     6                                  
     7                                          ORG     KERNEL_LOAD                             ;カーネルのロードアドレス
     8                                  
     9                                  [BITS 32]
    10                                  ;********************************************************************************************************
    11                                  ;エントリポイント
    12                                  ;********************************************************************************************************
    13                                  kernel:
    14                                          ;---------------------------------------
    15                                          ;フォントアドレスを取得
    16                                          ;---------------------------------------
    17 00000000 BE007E0000                      mov     esi, BOOT_LOAD + SECT_SIZE      ;ESI = 0x7C00 + 512
    18 00000005 0FB706                          movzx   eax, word [esi + 0]             ;EAX = [ESI + 0] //セグメント
    19 00000008 0FB75E02                        movzx   ebx, word [esi + 2]             ;EBX = [ESI + 2] //オフセット
    20 0000000C C1E004                          shl     eax, 4                          ;EAX << 4;
    21 0000000F 01D8                            add     eax, ebx                        ;EAX += EBX;
    22 00000011 A3[90000000]                    mov     [FONT_ADR], eax                 ;FONT_ADR[0] = EAX;
    23                                  
    24                                          ;---------------------------------------
    25                                          ;文字の表示
    26                                          ;---------------------------------------
    27 00000016 6A41680F0100006A00-             cdecl   draw_char, 0, 0, 0x010F, 'A'
    27 0000001F 6A00E8FB0000006683-
    27 00000028 C410               
    28 0000002A 6A42680F0100006A00-             cdecl   draw_char, 1, 0, 0x010F, 'B'
    28 00000033 6A01E8E70000006683-
    28 0000003C C410               
    29 0000003E 6A43680F0100006A00-             cdecl   draw_char, 2, 0, 0x010F, 'C'
    29 00000047 6A02E8D30000006683-
    29 00000050 C410               
    30                                  
    31 00000052 6A3068020400006A00-             cdecl   draw_char, 0, 0, 0x0402, '0'
    31 0000005B 6A00E8BF0000006683-
    31 00000064 C410               
    32 00000066 6A3168120200006A00-             cdecl   draw_char, 1, 0, 0x0212, '1'
    32 0000006F 6A01E8AB0000006683-
    32 00000078 C410               
    33 0000007A 6A5F68120200006A00-             cdecl   draw_char, 2, 0, 0x0212, '_'
    33 00000083 6A02E8970000006683-
    33 0000008C C410               
    34                                  
    35                                          ;---------------------------------------
    36                                          ;処理の終了
    37                                          ;---------------------------------------
    38 0000008E EBFE                            jmp     $                               ;while(1) //無限ループ
    39                                  
    40                                  ALIGN   4, db   0
    41 00000090 00000000                FONT_ADR:       dd      0
    42                                  
    43                                  ;********************************************************************************************************
    44                                  ;モジュール
    45                                  ;********************************************************************************************************
    46                                  %include        "..\modules\protect\vga.s"
     1                              <1> vga_set_read_plane:
     2                              <1>         ;-----------------------------------
     3                              <1>         ;スタックフレームの構築
     4                              <1>         ;-----------------------------------
     5                              <1>                                             ;   + 8| 読み込みプレーン(0~3)
     6                              <1>                                             ;   + 4| IP(戻り番号)
     7 00000094 55                  <1>         push   ebp                          ;EBP+ 0| EBP(元の値)
     8 00000095 89E5                <1>         mov    ebp, esp                     ;------|---------
     9                              <1> 
    10                              <1>         ;-----------------------------------
    11                              <1>         ;レジスタの保存
    12                              <1>         ;-----------------------------------
    13 00000097 6650                <1>         push    ax
    14 00000099 6652                <1>         push    dx
    15                              <1> 
    16                              <1>         ;---------------------------------------
    17                              <1>         ;読み込みプレーンの選択
    18                              <1>         ;---------------------------------------
    19 0000009B 8A6508              <1>         mov     ah, [ebp + 8]                   ;AH = プレーンの選択(3 = 輝度, 2~0 = RGB)
    20 0000009E 80E403              <1>         and     ah, 0x03                        ;AH &= 0x03; //余計なビットをマスク
    21 000000A1 B004                <1>         mov     al, 0x04                        ;AL = 読み込みマップ選択レジスタ
    22 000000A3 66BACE03            <1>         mov     dx, 0x03CE                      ;DX = グラフィックス制御ポート
    23 000000A7 66EF                <1>         out     dx, ax                          ;//ポート出力
    24                              <1>         
    25                              <1>         ;---------------------------------------
    26                              <1>         ;レジスタの復帰
    27                              <1>         ;---------------------------------------
    28 000000A9 665A                <1>         pop     dx
    29 000000AB 6658                <1>         pop     ax
    30                              <1> 
    31                              <1>         ;---------------------------------------
    32                              <1>         ;スタックフレームの破棄
    33                              <1>         ;---------------------------------------
    34 000000AD 89EC                <1>         mov     esp, ebp
    35 000000AF 5D                  <1>         pop     ebp
    36                              <1> 
    37 000000B0 C3                  <1>         ret
    38                              <1> 
    39                              <1> vga_set_write_plane:
    40                              <1>         ;-----------------------------------
    41                              <1>         ;スタックフレームの構築
    42                              <1>         ;-----------------------------------
    43                              <1>                                             ;   + 8| 書き込みプレーン
    44                              <1>                                             ;   + 4| IP(戻り番号)
    45 000000B1 55                  <1>         push   ebp                          ;EBP+ 0| EBP(元の値)
    46 000000B2 89E5                <1>         mov    ebp, esp                     ;------|---------
    47                              <1> 
    48                              <1>         ;-----------------------------------
    49                              <1>         ;レジスタの保存
    50                              <1>         ;-----------------------------------
    51 000000B4 6650                <1>         push    ax
    52 000000B6 6652                <1>         push    dx
    53                              <1> 
    54                              <1>         ;---------------------------------------
    55                              <1>         ;読み込みプレーンの選択
    56                              <1>         ;---------------------------------------
    57 000000B8 8A6508              <1>         mov     ah, [ebp + 8]                   ;AH = プレーンの選択(3 = 輝度, 2~0 = RGB)
    58 000000BB 80E40F              <1>         and     ah, 0x0F                        ;AH &= 0x03; //余計なビットをマスク
    59 000000BE B002                <1>         mov     al, 0x02                        ;AL = 読み込みマップ選択レジスタ
    60 000000C0 66BAC403            <1>         mov     dx, 0x03C4                      ;DX = グラフィックス制御ポート
    61 000000C4 66EF                <1>         out     dx, ax                          ;//ポート出力
    62                              <1>         
    63                              <1>         ;---------------------------------------
    64                              <1>         ;レジスタの復帰
    65                              <1>         ;---------------------------------------
    66 000000C6 665A                <1>         pop     dx
    67 000000C8 6658                <1>         pop     ax
    68                              <1> 
    69                              <1>         ;---------------------------------------
    70                              <1>         ;スタックフレームの破棄
    71                              <1>         ;---------------------------------------
    72 000000CA 89EC                <1>         mov     esp, ebp
    73 000000CC 5D                  <1>         pop     ebp
    74                              <1> 
    75 000000CD C3                  <1>         ret
    76                              <1> 
    77                              <1> vram_font_copy:
    78                              <1>         ;-----------------------------------
    79                              <1>         ;スタックフレームの構築
    80                              <1>         ;-----------------------------------
    81                              <1>                                             ;EBP+20| 描画色
    82                              <1>                                             ;EBP+16| 出力プレーン(1つのプレーンのみをビットで指定)
    83                              <1>                                             ;EBP+12| VRAMアドレス
    84                              <1>                                             ;   + 8| FONTアドレス
    85                              <1>                                             ;   + 4| IP(戻り番号)
    86 000000CE 55                  <1>         push   ebp                          ;EBP+ 0| EBP(元の値)
    87 000000CF 89E5                <1>         mov    ebp, esp                     ;------|---------
    88                              <1> 
    89                              <1>         ;-----------------------------------
    90                              <1>         ;レジスタの保存
    91                              <1>         ;-----------------------------------
    92 000000D1 50                  <1>         push    eax
    93 000000D2 53                  <1>         push    ebx
    94 000000D3 51                  <1>         push    ecx
    95 000000D4 57                  <1>         push    edi
    96 000000D5 52                  <1>         push    edx
    97 000000D6 56                  <1>         push    esi
    98                              <1> 
    99                              <1>         ;---------------------------------------
   100                              <1>         ;引数を変数に代入
   101                              <1>         ;---------------------------------------
   102 000000D7 8B7508              <1>         mov     esi, [ebp + 8]                  ;ESI = フォントアドレス;
   103 000000DA 8B7D0C              <1>         mov     edi, [ebp +12]                  ;EDI = VRAMアドレス;
   104 000000DD 0FB64510            <1>         movzx   eax, byte [ebp +16]             ;EAX = プレーン(ビット指定);
   105 000000E1 0FB75D14            <1>         movzx   ebx, word [ebp +20]             ;EBX = 描画色
   106                              <1> 
   107                              <1>         ;---------------------------------------
   108                              <1>         ;マスクデータを作成(プレーンと景色が一致時に0xFFに。不一致時に0x00に。)
   109                              <1>         ;---------------------------------------
   110 000000E5 84C7                <1>         test    bh, al                          ;ZF = (背景色 & プレーン)
   111 000000E7 0F94C6              <1>         setz    dh                              ;if(ZF == 1){ DH = 0x00; }else{ DH = 0x01;}
   112 000000EA FECE                <1>         dec     dh                              ;DH--; // 0xFF or 0x00
   113                              <1> 
   114 000000EC 84C3                <1>         test    bl, al                          ;ZF = (前景色 & プレーン);
   115 000000EE 0F94C2              <1>         setz    dl                              ;if(ZF == 1){ DL = 0x00; }else{ DL = 0x01;}
   116 000000F1 FECA                <1>         dec     dl                              ;DL--; //0xFF or 0x00
   117                              <1> 
   118                              <1>         ;---------------------------------------
   119                              <1>         ;16ビットフォントのコピー
   120                              <1>         ;---------------------------------------
   121 000000F3 FC                  <1>         cld                                     ;DF = 0; //アドレス加算
   122                              <1> 
   123 000000F4 B910000000          <1>         mov     ecx, 16                         ;ECX = 16; //16ドット
   124                              <1> .10L:                                           ;do
   125                              <1>                                                 ;{
   126                              <1>         ;---------------------------------------
   127                              <1>         ;フォントマスクの作成
   128                              <1>         ;---------------------------------------
   129 000000F9 AC                  <1>         lodsb                                   ;   AL = *ESI++; //フォント
   130 000000FA 88C4                <1>         mov     ah, al                          ;   AH = AL;
   131 000000FC F6D4                <1>         not     ah                              ;   AH ~= AH; //!フォント(ビット反転)
   132                              <1> 
   133                              <1>         ;---------------------------------------
   134                              <1>         ;前景色
   135                              <1>         ;---------------------------------------
   136 000000FE 20D0                <1>         and     al, dl                          ;   AL = 前景色 & フォント;
   137                              <1> 
   138                              <1>         ;---------------------------------------
   139                              <1>         ;背景色
   140                              <1>         ;---------------------------------------
   141 00000100 F7C310000000        <1>         test    ebx, 0x0010                     ;if(透過モード)
   142 00000106 7404                <1>         jz      .11F                            ;{
   143 00000108 2227                <1>         and     ah, [edi]                       ;   AH = !フォント & [EDI] //現在値
   144 0000010A EB02                <1>         jmp     .11E                            ;}
   145                              <1> .11F:                                           ;else
   146                              <1>                                                 ;{
   147 0000010C 20F4                <1>         and     ah, dh                          ;   AH = !フォント & 背景色
   148                              <1> .11E:                                           ;}
   149                              <1> 
   150                              <1>         ;---------------------------------------
   151                              <1>         ;前景色と背景色を合成
   152                              <1>         ;---------------------------------------
   153 0000010E 08E0                <1>         or  al, ah                              ;   AL = 背景 | 前景;
   154                              <1> 
   155                              <1>         ;---------------------------------------
   156                              <1>         ;新しい値を出力（VRAMに代入)
   157                              <1>         ;---------------------------------------
   158 00000110 8807                <1>         mov     [edi], al                       ;   [EDI] = AL; //プレーンに書き込む
   159                              <1> 
   160 00000112 83C750              <1>         add     edi, 80                         ;   EDI += 80;
   161 00000115 E2E2                <1>         loop    .10L                            ;}while(--ECX);
   162                              <1> .10E:
   163                              <1>         ;---------------------------------------
   164                              <1>         ;レジスタの復帰
   165                              <1>         ;---------------------------------------
   166 00000117 5E                  <1>         pop     esi
   167 00000118 5A                  <1>         pop     edx
   168 00000119 5F                  <1>         pop     edi
   169 0000011A 59                  <1>         pop     ecx
   170 0000011B 5B                  <1>         pop     ebx
   171 0000011C 58                  <1>         pop     eax
   172                              <1> 
   173                              <1>         ;---------------------------------------
   174                              <1>         ;スタックフレームの破棄
   175                              <1>         ;---------------------------------------
   176 0000011D 89EC                <1>         mov     esp, ebp
   177 0000011F 5D                  <1>         pop     ebp
   178                              <1> 
   179 00000120 C3                  <1>         ret
    47                                  %include        "..\modules\protect\draw_char.s"
     1                              <1> draw_char:
     2                              <1>         ;-----------------------------------
     3                              <1>         ;スタックフレームの構築
     4                              <1>         ;-----------------------------------
     5                              <1>                                             ;   +20| 文字
     6                              <1>                                             ;   +16| 描画色
     7                              <1>                                             ;   +12| 行(0~29)
     8                              <1>                                             ;   + 8| 列(0~79)
     9                              <1>                                             ;   + 4| IP(戻り番号)
    10 00000121 55                  <1>         push   ebp                          ;EBP+ 0| EBP(元の値)
    11 00000122 89E5                <1>         mov    ebp, esp                     ;------|---------
    12                              <1> 
    13                              <1>         ;-----------------------------------
    14                              <1>         ;レジスタの保存
    15                              <1>         ;-----------------------------------
    16 00000124 53                  <1>         push    ebx
    17 00000125 57                  <1>         push    edi
    18 00000126 56                  <1>         push    esi
    19                              <1> 
    20                              <1>         ;---------------------------------------
    21                              <1>         ;コピー元フォントアドレスを設定
    22                              <1>         ;---------------------------------------
    23 00000127 0FB67514            <1>         movzx   esi, byte [ebp +20]             ;CL = 文字コード;
    24 0000012B C1E604              <1>         shl     esi, 4                          ;CL *= 16; //1文字16バイト
    25 0000012E 0335[90000000]      <1>         add     esi, [FONT_ADR]                 ;ESI = フォントアドレス;
    26                              <1> 
    27                              <1>         ;---------------------------------------
    28                              <1>         ;コピー先アドレスを取得
    29                              <1>         ;adr = 0xA0000 + (640 / 8 * 16) * y + x
    30                              <1>         ;---------------------------------------
    31 00000134 8B7D0C              <1>         mov     edi, [ebp +12]                  ;Y(行)
    32 00000137 C1E708              <1>         shl     edi, 8                          ;EDI = Y * 256;
    33 0000013A 8DBCBF00000A00      <1>         lea     edi, [edi * 4 + edi + 0xA0000]  ;EDI = Y * 4 + Y;
    34 00000141 037D08              <1>         add     edi, [ebp + 8]                  ;X(列)
    35                              <1> 
    36                              <1>         ;---------------------------------------
    37                              <1>         ;1文字文のフォントを出力
    38                              <1>         ;---------------------------------------
    39 00000144 0FB75D10            <1>         movzx   ebx, word [ebp +16]             ; //表示色
    40                              <1> 
    41 00000148 6A03E845FFFFFF6683- <1>         cdecl   vga_set_read_plane, 0x03        ;//読み込みプレーン:輝度(I)
    41 00000151 C404                <1>
    42 00000153 6A08E857FFFFFF6683- <1>         cdecl   vga_set_write_plane, 0x08       ;//書き込みプレーン:輝度(I)
    42 0000015C C404                <1>
    43 0000015E 536A085756E866FFFF- <1>         cdecl   vram_font_copy, esi, edi, 0x08, ebx
    43 00000167 FF6683C410          <1>
    44                              <1>         
    45 0000016C 6A02E821FFFFFF6683- <1>         cdecl   vga_set_read_plane, 0x02        ;//読み込みプレーン:赤(R)
    45 00000175 C404                <1>
    46 00000177 6A04E833FFFFFF6683- <1>         cdecl   vga_set_write_plane, 0x04       ;//書き込みプレーン:赤(R)
    46 00000180 C404                <1>
    47 00000182 536A045756E842FFFF- <1>         cdecl   vram_font_copy, esi, edi, 0x04, ebx
    47 0000018B FF6683C410          <1>
    48                              <1> 
    49 00000190 6A01E8FDFEFFFF6683- <1>         cdecl   vga_set_read_plane, 0x01        ;//読み込みプレーン:緑(G)
    49 00000199 C404                <1>
    50 0000019B 6A02E80FFFFFFF6683- <1>         cdecl   vga_set_write_plane, 0x02       ;//書き込みプレーン:緑(G)
    50 000001A4 C404                <1>
    51 000001A6 536A025756E81EFFFF- <1>         cdecl   vram_font_copy, esi, edi, 0x02, ebx
    51 000001AF FF6683C410          <1>
    52                              <1> 
    53 000001B4 6A00E8D9FEFFFF6683- <1>         cdecl   vga_set_read_plane, 0x00        ;//読み込みプレーン:青(B)
    53 000001BD C404                <1>
    54 000001BF 6A01E8EBFEFFFF6683- <1>         cdecl   vga_set_write_plane, 0x01       ;//書き込みプレーン:青(B)
    54 000001C8 C404                <1>
    55 000001CA 536A015756E8FAFEFF- <1>         cdecl   vram_font_copy, esi, edi, 0x01, ebx
    55 000001D3 FF6683C410          <1>
    56                              <1> 
    57                              <1>         ;---------------------------------------
    58                              <1>         ;レジスタの復帰
    59                              <1>         ;---------------------------------------
    60 000001D8 5E                  <1>         pop     esi
    61 000001D9 5F                  <1>         pop     edi
    62 000001DA 5B                  <1>         pop     ebx
    63                              <1> 
    64                              <1>         ;---------------------------------------
    65                              <1>         ;スタックフレームの破棄
    66                              <1>         ;---------------------------------------
    67 000001DB 89EC                <1>         mov     esp, ebp
    68 000001DD 5D                  <1>         pop     ebp
    69                              <1> 
    70 000001DE C3                  <1>         ret
    48                                  
    49                                  ;********************************************************************************************************
    50                                  ;パディング
    51                                  ;********************************************************************************************************
    52 000001DF 00<rept>                        times KERNEL_SIZE - ($ - $$)    db 0    ;パディング
