     1                                          BOOT_LOAD       equ     0x7C00                  ;ブートプログラムのロード位置
     2                                  
     3                                          ORG             BOOT_LOAD                       ;ブートアドレスをアセンブラに指示
     4                                  
     5                                  ;********************************************************************************************************
     6                                  ;マクロ
     7                                  ;********************************************************************************************************
     8                                  %include        "..\include\macro.s"
     1                              <1> %macro  cdecl   1-*.nolist
     2                              <1> 
     3                              <1>     %rep    %0 - 1
     4                              <1>         push    %{-1:-1}
     5                              <1>         %rotate -1
     6                              <1>     %endrep
     7                              <1>     %rotate -1
     8                              <1> 
     9                              <1>         call    %1
    10                              <1> 
    11                              <1>     %if 1 < %0
    12                              <1>         add     sp, (__BITS__ >> 3) * (%0 - 1)
    13                              <1>     %endif
    14                              <1> 
    15                              <1> %endmacro
     9                                  
    10                                  ;********************************************************************************************************
    11                                  ;エントリポイント
    12                                  ;********************************************************************************************************
    13                                  
    14                                  
    15                                  entry:
    16 00000000 EB58                            jmp ipl                                    ;IPL(Initial Program Loader)(ブートプログラム)へジャンプ
    17                                  
    18                                          ;-----------------------------------
    19                                          ;BPB(BIOS Parameter Block)
    20                                          ;-----------------------------------
    21 00000002 90<rept>                        times   90 - ($ - $$) db 0x90
    22                                  
    23                                          ;-----------------------------------
    24                                          ;IPL(Initial Program Loader)
    25                                          ;-----------------------------------
    26                                  ipl:
    27 0000005A FA                              cli                                             ;//割り込み禁止(IF = 1)
    28                                  
    29 0000005B B80000                          mov     ax, 0x0000                              ;AX = 0x0000;
    30 0000005E 8ED8                            mov     ds, ax                                  ;DS = 0x0000;
    31 00000060 8EC0                            mov     es, ax                                  ;ES = 0x0000;
    32 00000062 8ED0                            mov     ss, ax                                  ;SS = 0x0000;
    33 00000064 BC007C                          mov     sp, BOOT_LOAD                           ;SP = 0x0000;
    34                                  
    35 00000067 FB                              sti                                             ;//割り込み許可(IF = 0)
    36                                  
    37 00000068 8816[8600]                      mov     [BOOT.DRIVE], dl                        ;ブートドライブを保存
    38                                  
    39                                          ;-----------------------------------
    40                                          ;文字を表示
    41                                          ;-----------------------------------
    42 0000006C 6A58E8170083C402                cdecl   putc, word 'X'
    43 00000074 6A59E80F0083C402                cdecl   putc, word 'Y'
    44 0000007C 6A5AE8070083C402                cdecl   putc, word 'Z'
    45                                  
    46                                  
    47                                          ;-----------------------------------
    48                                          ;処理の終了
    49                                          ;-----------------------------------
    50 00000084 EBFE                            jmp     $                               ;while(1); //無限ループ
    51                                  
    52                                  ALIGN   2, db 0
    53                                  BOOT:                                           ;ブートドライブに関する情報
    54 00000086 0000                    .DRIVE:    dw 0                                 ;ドライブ番号
    55                                  
    56                                  ;********************************************************************************************************
    57                                  ;モジュール
    58                                  ;********************************************************************************************************
    59                                  %include        "..\modules\real\putc.s"
     1                              <1> putc:
     2                              <1>         ;-----------------------------------
     3                              <1>         ;スタックフレームの構築
     4                              <1>         ;-----------------------------------
     5                              <1>                                             ;  + 4| 出力文字
     6                              <1>                                             ;  + 2| IP(戻り番号)
     7 00000088 55                  <1>         push    bp                          ;BP+ 0| BP(元の値)
     8 00000089 89E5                <1>         mov     bp, sp                      ;-----|---------
     9                              <1> 
    10                              <1>         ;-----------------------------------
    11                              <1>         ;レジスタの保存
    12                              <1>         ;-----------------------------------
    13 0000008B 50                  <1>         push    ax
    14 0000008C 53                  <1>         push    bx
    15                              <1> 
    16                              <1>         ;-----------------------------------
    17                              <1>         ;処理の開始
    18                              <1>         ;-----------------------------------
    19 0000008D 8A4604              <1>         mov     al, [bp + 4]                ;出力文字を取得
    20 00000090 B40E                <1>         mov     ah, 0x0E                    ;テレタイプ式1文字出力を指定
    21 00000092 BB0000              <1>         mov     bx, 0x0000                  ;ページ番号と文字色を0に設定
    22 00000095 CD10                <1>         int     0x10                        ;ビデオBIOSコール
    23                              <1> 
    24                              <1>         ;-----------------------------------
    25                              <1>         ;レジスタの復帰
    26                              <1>         ;-----------------------------------
    27 00000097 5B                  <1>         pop     bx
    28 00000098 58                  <1>         pop     ax
    29                              <1> 
    30                              <1>         ;-----------------------------------
    31                              <1>         ;スタックフレームの破棄
    32                              <1>         ;-----------------------------------
    33 00000099 89EC                <1>         mov     sp, bp
    34 0000009B 5D                  <1>         pop     bp
    35                              <1> 
    36 0000009C C3                  <1>         ret
    60                                  
    61                                  ;********************************************************************************************************
    62                                  ;ブートフラグ(先頭512バイトの終了)
    63                                  ;********************************************************************************************************
    64 0000009D 00<rept>                        times   510 - ($ - $$) db 0x00
    65 000001FE 55AA                            db 0x55, 0xAA
