     1                                  ;********************************************************************************************************
     2                                  ;マクロ
     3                                  ;********************************************************************************************************
     4                                  %include        "..\include\define.s"
     1                              <1> SECT_SIZE   equ     (512)                   ;セクタサイズ
     2                              <1> 
     3                              <1> BOOT_LOAD   equ     0x7C00                  ;ブートプログラムのロード位置
     4                              <1> BOOT_END    equ     (BOOT_LOAD + BOOT_SIZE)
     5                              <1> BOOT_SIZE   equ     (1024 * 8)              ;ブートコードサイズ
     6                              <1> BOOT_SECT   equ     (BOOT_SIZE / SECT_SIZE) ;ブートプログラムのセクタ数
     7                              <1> 
     8                              <1> KERNEL_LOAD equ     0x0010_1000
     9                              <1> KERNEL_SIZE equ     (1024*8)                ;カーネルサイズ
    10                              <1> KERNEL_SECT equ     (KERNEL_SIZE / SECT_SIZE)
    11                              <1> 
    12                              <1> E820_RECORD_SIZE    equ 20
     5                                  %include        "..\include\macro.s"
     1                              <1> struc drive
     2 00000000 <res 00000002>      <1>         .no         resw    1           ;ドライブ番号
     3 00000002 <res 00000002>      <1>         .cyln       resw    1           ;シリンダ
     4 00000004 <res 00000002>      <1>         .head       resw    1           ;ヘッド
     5 00000006 <res 00000002>      <1>         .sect       resw    1           ;セクタ
     6                              <1> endstruc
     7                              <1> 
     8                              <1> %macro  cdecl   1-*.nolist
     9                              <1> 
    10                              <1>     %rep    %0 - 1
    11                              <1>         push    %{-1:-1}
    12                              <1>         %rotate -1
    13                              <1>     %endrep
    14                              <1>     %rotate -1
    15                              <1> 
    16                              <1>         call    %1
    17                              <1> 
    18                              <1>     %if 1 < %0
    19                              <1>         add     sp, (__BITS__ >> 3) * (%0 - 1)
    20                              <1>     %endif
    21                              <1> 
    22                              <1> %endmacro
     6                                  
     7                                          ORG     KERNEL_LOAD                             ;カーネルのロードアドレス
     8                                  
     9                                  [BITS 32]
    10                                  ;********************************************************************************************************
    11                                  ;エントリポイント
    12                                  ;********************************************************************************************************
    13                                  kernel:
    14                                          ;---------------------------------------
    15                                          ;フォントアドレスを取得
    16                                          ;---------------------------------------
    17 00000000 BE007E0000                      mov     esi, BOOT_LOAD + SECT_SIZE      ;ESI = 0x7C00 + 512
    18 00000005 0FB706                          movzx   eax, word [esi + 0]             ;EAX = [ESI + 0] //セグメント
    19 00000008 0FB75E02                        movzx   ebx, word [esi + 2]             ;EBX = [ESI + 2] //オフセット
    20 0000000C C1E004                          shl     eax, 4                          ;EAX << 4;
    21 0000000F 01D8                            add     eax, ebx                        ;EAX += EBX;
    22 00000011 A3[50000000]                    mov     [FONT_ADR], eax                 ;FONT_ADR[0] = EAX;
    23                                  
    24                                          ;---------------------------------------
    25                                          ;文字の表示
    26                                          ;---------------------------------------
    27 00000016 6A0D6A3FE880010000-             cdecl   draw_font, 63, 13
    27 0000001F 6683C408           
    28                                  
    29                                          ;---------------------------------------
    30                                          ;文字列の表示
    31                                          ;---------------------------------------
    32 00000023 68[3C000000]680F01-             cdecl   draw_str, 25, 14, 0x010F, .s0   ;draw_str();
    32 0000002B 00006A0E6A19E8AC01-
    32 00000034 00006683C410       
    33                                  
    34                                          ;---------------------------------------
    35                                          ;処理の終了
    36                                          ;---------------------------------------
    37 0000003A EBFE                            jmp     $                               ;while(1) //無限ループ
    38                                  
    39                                  
    40                                  
    41 0000003C 2048656C6C6F2C206B-     .s0:    db      " Hello, kernel! ", 0
    41 00000045 65726E656C212000   
    42                                  
    43 0000004D 00<rept>                ALIGN   4, db   0
    44 00000050 00000000                FONT_ADR:       dd      0
    45                                  
    46                                  ;********************************************************************************************************
    47                                  ;モジュール
    48                                  ;********************************************************************************************************
    49                                  %include        "..\modules\protect\vga.s"
     1                              <1> vga_set_read_plane:
     2                              <1>         ;-----------------------------------
     3                              <1>         ;スタックフレームの構築
     4                              <1>         ;-----------------------------------
     5                              <1>                                             ;   + 8| 読み込みプレーン(0~3)
     6                              <1>                                             ;   + 4| IP(戻り番号)
     7 00000054 55                  <1>         push   ebp                          ;EBP+ 0| EBP(元の値)
     8 00000055 89E5                <1>         mov    ebp, esp                     ;------|---------
     9                              <1> 
    10                              <1>         ;-----------------------------------
    11                              <1>         ;レジスタの保存
    12                              <1>         ;-----------------------------------
    13 00000057 6650                <1>         push    ax
    14 00000059 6652                <1>         push    dx
    15                              <1> 
    16                              <1>         ;---------------------------------------
    17                              <1>         ;読み込みプレーンの選択
    18                              <1>         ;---------------------------------------
    19 0000005B 8A6508              <1>         mov     ah, [ebp + 8]                   ;AH = プレーンの選択(3 = 輝度, 2~0 = RGB)
    20 0000005E 80E403              <1>         and     ah, 0x03                        ;AH &= 0x03; //余計なビットをマスク
    21 00000061 B004                <1>         mov     al, 0x04                        ;AL = 読み込みマップ選択レジスタ
    22 00000063 66BACE03            <1>         mov     dx, 0x03CE                      ;DX = グラフィックス制御ポート
    23 00000067 66EF                <1>         out     dx, ax                          ;//ポート出力
    24                              <1>         
    25                              <1>         ;---------------------------------------
    26                              <1>         ;レジスタの復帰
    27                              <1>         ;---------------------------------------
    28 00000069 665A                <1>         pop     dx
    29 0000006B 6658                <1>         pop     ax
    30                              <1> 
    31                              <1>         ;---------------------------------------
    32                              <1>         ;スタックフレームの破棄
    33                              <1>         ;---------------------------------------
    34 0000006D 89EC                <1>         mov     esp, ebp
    35 0000006F 5D                  <1>         pop     ebp
    36                              <1> 
    37 00000070 C3                  <1>         ret
    38                              <1> 
    39                              <1> vga_set_write_plane:
    40                              <1>         ;-----------------------------------
    41                              <1>         ;スタックフレームの構築
    42                              <1>         ;-----------------------------------
    43                              <1>                                             ;   + 8| 書き込みプレーン
    44                              <1>                                             ;   + 4| IP(戻り番号)
    45 00000071 55                  <1>         push   ebp                          ;EBP+ 0| EBP(元の値)
    46 00000072 89E5                <1>         mov    ebp, esp                     ;------|---------
    47                              <1> 
    48                              <1>         ;-----------------------------------
    49                              <1>         ;レジスタの保存
    50                              <1>         ;-----------------------------------
    51 00000074 6650                <1>         push    ax
    52 00000076 6652                <1>         push    dx
    53                              <1> 
    54                              <1>         ;---------------------------------------
    55                              <1>         ;読み込みプレーンの選択
    56                              <1>         ;---------------------------------------
    57 00000078 8A6508              <1>         mov     ah, [ebp + 8]                   ;AH = プレーンの選択(3 = 輝度, 2~0 = RGB)
    58 0000007B 80E40F              <1>         and     ah, 0x0F                        ;AH &= 0x03; //余計なビットをマスク
    59 0000007E B002                <1>         mov     al, 0x02                        ;AL = 読み込みマップ選択レジスタ
    60 00000080 66BAC403            <1>         mov     dx, 0x03C4                      ;DX = グラフィックス制御ポート
    61 00000084 66EF                <1>         out     dx, ax                          ;//ポート出力
    62                              <1>         
    63                              <1>         ;---------------------------------------
    64                              <1>         ;レジスタの復帰
    65                              <1>         ;---------------------------------------
    66 00000086 665A                <1>         pop     dx
    67 00000088 6658                <1>         pop     ax
    68                              <1> 
    69                              <1>         ;---------------------------------------
    70                              <1>         ;スタックフレームの破棄
    71                              <1>         ;---------------------------------------
    72 0000008A 89EC                <1>         mov     esp, ebp
    73 0000008C 5D                  <1>         pop     ebp
    74                              <1> 
    75 0000008D C3                  <1>         ret
    76                              <1> 
    77                              <1> vram_font_copy:
    78                              <1>         ;-----------------------------------
    79                              <1>         ;スタックフレームの構築
    80                              <1>         ;-----------------------------------
    81                              <1>                                             ;EBP+20| 描画色
    82                              <1>                                             ;EBP+16| 出力プレーン(1つのプレーンのみをビットで指定)
    83                              <1>                                             ;EBP+12| VRAMアドレス
    84                              <1>                                             ;   + 8| FONTアドレス
    85                              <1>                                             ;   + 4| IP(戻り番号)
    86 0000008E 55                  <1>         push   ebp                          ;EBP+ 0| EBP(元の値)
    87 0000008F 89E5                <1>         mov    ebp, esp                     ;------|---------
    88                              <1> 
    89                              <1>         ;-----------------------------------
    90                              <1>         ;レジスタの保存
    91                              <1>         ;-----------------------------------
    92 00000091 50                  <1>         push    eax
    93 00000092 53                  <1>         push    ebx
    94 00000093 51                  <1>         push    ecx
    95 00000094 57                  <1>         push    edi
    96 00000095 52                  <1>         push    edx
    97 00000096 56                  <1>         push    esi
    98                              <1> 
    99                              <1>         ;---------------------------------------
   100                              <1>         ;引数を変数に代入
   101                              <1>         ;---------------------------------------
   102 00000097 8B7508              <1>         mov     esi, [ebp + 8]                  ;ESI = フォントアドレス;
   103 0000009A 8B7D0C              <1>         mov     edi, [ebp +12]                  ;EDI = VRAMアドレス;
   104 0000009D 0FB64510            <1>         movzx   eax, byte [ebp +16]             ;EAX = プレーン(ビット指定);
   105 000000A1 0FB75D14            <1>         movzx   ebx, word [ebp +20]             ;EBX = 描画色
   106                              <1> 
   107                              <1>         ;---------------------------------------
   108                              <1>         ;マスクデータを作成(プレーンと景色が一致時に0xFFに。不一致時に0x00に。)
   109                              <1>         ;---------------------------------------
   110 000000A5 84C7                <1>         test    bh, al                          ;ZF = (背景色 & プレーン)
   111 000000A7 0F94C6              <1>         setz    dh                              ;if(ZF == 1){ DH = 0x00; }else{ DH = 0x01;}
   112 000000AA FECE                <1>         dec     dh                              ;DH--; // 0xFF or 0x00
   113                              <1> 
   114 000000AC 84C3                <1>         test    bl, al                          ;ZF = (前景色 & プレーン);
   115 000000AE 0F94C2              <1>         setz    dl                              ;if(ZF == 1){ DL = 0x00; }else{ DL = 0x01;}
   116 000000B1 FECA                <1>         dec     dl                              ;DL--; //0xFF or 0x00
   117                              <1> 
   118                              <1>         ;---------------------------------------
   119                              <1>         ;16ビットフォントのコピー
   120                              <1>         ;---------------------------------------
   121 000000B3 FC                  <1>         cld                                     ;DF = 0; //アドレス加算
   122                              <1> 
   123 000000B4 B910000000          <1>         mov     ecx, 16                         ;ECX = 16; //16ドット
   124                              <1> .10L:                                           ;do
   125                              <1>                                                 ;{
   126                              <1>         ;---------------------------------------
   127                              <1>         ;フォントマスクの作成
   128                              <1>         ;---------------------------------------
   129 000000B9 AC                  <1>         lodsb                                   ;   AL = *ESI++; //フォント
   130 000000BA 88C4                <1>         mov     ah, al                          ;   AH = AL;
   131 000000BC F6D4                <1>         not     ah                              ;   AH ~= AH; //!フォント(ビット反転)
   132                              <1> 
   133                              <1>         ;---------------------------------------
   134                              <1>         ;前景色
   135                              <1>         ;---------------------------------------
   136 000000BE 20D0                <1>         and     al, dl                          ;   AL = 前景色 & フォント;
   137                              <1> 
   138                              <1>         ;---------------------------------------
   139                              <1>         ;背景色
   140                              <1>         ;---------------------------------------
   141 000000C0 F7C310000000        <1>         test    ebx, 0x0010                     ;if(透過モード)
   142 000000C6 7404                <1>         jz      .11F                            ;{
   143 000000C8 2227                <1>         and     ah, [edi]                       ;   AH = !フォント & [EDI] //現在値
   144 000000CA EB02                <1>         jmp     .11E                            ;}
   145                              <1> .11F:                                           ;else
   146                              <1>                                                 ;{
   147 000000CC 20F4                <1>         and     ah, dh                          ;   AH = !フォント & 背景色
   148                              <1> .11E:                                           ;}
   149                              <1> 
   150                              <1>         ;---------------------------------------
   151                              <1>         ;前景色と背景色を合成
   152                              <1>         ;---------------------------------------
   153 000000CE 08E0                <1>         or  al, ah                              ;   AL = 背景 | 前景;
   154                              <1> 
   155                              <1>         ;---------------------------------------
   156                              <1>         ;新しい値を出力（VRAMに代入)
   157                              <1>         ;---------------------------------------
   158 000000D0 8807                <1>         mov     [edi], al                       ;   [EDI] = AL; //プレーンに書き込む
   159                              <1> 
   160 000000D2 83C750              <1>         add     edi, 80                         ;   EDI += 80;
   161 000000D5 E2E2                <1>         loop    .10L                            ;}while(--ECX);
   162                              <1> .10E:
   163                              <1>         ;---------------------------------------
   164                              <1>         ;レジスタの復帰
   165                              <1>         ;---------------------------------------
   166 000000D7 5E                  <1>         pop     esi
   167 000000D8 5A                  <1>         pop     edx
   168 000000D9 5F                  <1>         pop     edi
   169 000000DA 59                  <1>         pop     ecx
   170 000000DB 5B                  <1>         pop     ebx
   171 000000DC 58                  <1>         pop     eax
   172                              <1> 
   173                              <1>         ;---------------------------------------
   174                              <1>         ;スタックフレームの破棄
   175                              <1>         ;---------------------------------------
   176 000000DD 89EC                <1>         mov     esp, ebp
   177 000000DF 5D                  <1>         pop     ebp
   178                              <1> 
   179 000000E0 C3                  <1>         ret
    50                                  %include        "..\modules\protect\draw_char.s"
     1                              <1> draw_char:
     2                              <1>         ;-----------------------------------
     3                              <1>         ;スタックフレームの構築
     4                              <1>         ;-----------------------------------
     5                              <1>                                             ;   +20| 文字
     6                              <1>                                             ;   +16| 描画色
     7                              <1>                                             ;   +12| 行(0~29)
     8                              <1>                                             ;   + 8| 列(0~79)
     9                              <1>                                             ;   + 4| IP(戻り番号)
    10 000000E1 55                  <1>         push   ebp                          ;EBP+ 0| EBP(元の値)
    11 000000E2 89E5                <1>         mov    ebp, esp                     ;------|---------
    12                              <1> 
    13                              <1>         ;-----------------------------------
    14                              <1>         ;レジスタの保存
    15                              <1>         ;-----------------------------------
    16 000000E4 53                  <1>         push    ebx
    17 000000E5 57                  <1>         push    edi
    18 000000E6 56                  <1>         push    esi
    19                              <1> 
    20                              <1>         ;---------------------------------------
    21                              <1>         ;コピー元フォントアドレスを設定
    22                              <1>         ;---------------------------------------
    23 000000E7 0FB67514            <1>         movzx   esi, byte [ebp +20]             ;CL = 文字コード;
    24 000000EB C1E604              <1>         shl     esi, 4                          ;CL *= 16; //1文字16バイト
    25 000000EE 0335[50000000]      <1>         add     esi, [FONT_ADR]                 ;ESI = フォントアドレス;
    26                              <1> 
    27                              <1>         ;---------------------------------------
    28                              <1>         ;コピー先アドレスを取得
    29                              <1>         ;adr = 0xA0000 + (640 / 8 * 16) * y + x
    30                              <1>         ;---------------------------------------
    31 000000F4 8B7D0C              <1>         mov     edi, [ebp +12]                  ;Y(行)
    32 000000F7 C1E708              <1>         shl     edi, 8                          ;EDI = Y * 256;
    33 000000FA 8DBCBF00000A00      <1>         lea     edi, [edi * 4 + edi + 0xA0000]  ;EDI = Y * 4 + Y;
    34 00000101 037D08              <1>         add     edi, [ebp + 8]                  ;X(列)
    35                              <1> 
    36                              <1>         ;---------------------------------------
    37                              <1>         ;1文字文のフォントを出力
    38                              <1>         ;---------------------------------------
    39 00000104 0FB75D10            <1>         movzx   ebx, word [ebp +16]             ; //表示色
    40                              <1> 
    41 00000108 6A03E845FFFFFF6683- <1>         cdecl   vga_set_read_plane, 0x03        ;//読み込みプレーン:輝度(I)
    41 00000111 C404                <1>
    42 00000113 6A08E857FFFFFF6683- <1>         cdecl   vga_set_write_plane, 0x08       ;//書き込みプレーン:輝度(I)
    42 0000011C C404                <1>
    43 0000011E 536A085756E866FFFF- <1>         cdecl   vram_font_copy, esi, edi, 0x08, ebx
    43 00000127 FF6683C410          <1>
    44                              <1>         
    45 0000012C 6A02E821FFFFFF6683- <1>         cdecl   vga_set_read_plane, 0x02        ;//読み込みプレーン:赤(R)
    45 00000135 C404                <1>
    46 00000137 6A04E833FFFFFF6683- <1>         cdecl   vga_set_write_plane, 0x04       ;//書き込みプレーン:赤(R)
    46 00000140 C404                <1>
    47 00000142 536A045756E842FFFF- <1>         cdecl   vram_font_copy, esi, edi, 0x04, ebx
    47 0000014B FF6683C410          <1>
    48                              <1> 
    49 00000150 6A01E8FDFEFFFF6683- <1>         cdecl   vga_set_read_plane, 0x01        ;//読み込みプレーン:緑(G)
    49 00000159 C404                <1>
    50 0000015B 6A02E80FFFFFFF6683- <1>         cdecl   vga_set_write_plane, 0x02       ;//書き込みプレーン:緑(G)
    50 00000164 C404                <1>
    51 00000166 536A025756E81EFFFF- <1>         cdecl   vram_font_copy, esi, edi, 0x02, ebx
    51 0000016F FF6683C410          <1>
    52                              <1> 
    53 00000174 6A00E8D9FEFFFF6683- <1>         cdecl   vga_set_read_plane, 0x00        ;//読み込みプレーン:青(B)
    53 0000017D C404                <1>
    54 0000017F 6A01E8EBFEFFFF6683- <1>         cdecl   vga_set_write_plane, 0x01       ;//書き込みプレーン:青(B)
    54 00000188 C404                <1>
    55 0000018A 536A015756E8FAFEFF- <1>         cdecl   vram_font_copy, esi, edi, 0x01, ebx
    55 00000193 FF6683C410          <1>
    56                              <1> 
    57                              <1>         ;---------------------------------------
    58                              <1>         ;レジスタの復帰
    59                              <1>         ;---------------------------------------
    60 00000198 5E                  <1>         pop     esi
    61 00000199 5F                  <1>         pop     edi
    62 0000019A 5B                  <1>         pop     ebx
    63                              <1> 
    64                              <1>         ;---------------------------------------
    65                              <1>         ;スタックフレームの破棄
    66                              <1>         ;---------------------------------------
    67 0000019B 89EC                <1>         mov     esp, ebp
    68 0000019D 5D                  <1>         pop     ebp
    69                              <1> 
    70 0000019E C3                  <1>         ret
    51                                  %include        "..\modules\protect\draw_font.s"
     1                              <1> draw_font:
     2                              <1>         ;-----------------------------------
     3                              <1>         ;スタックフレームの構築
     4                              <1>         ;-----------------------------------
     5                              <1>                                             ;   +12| Y(行)
     6                              <1>                                             ;   + 8| X(列)
     7                              <1>                                             ;   + 4| IP(戻り番号)
     8 0000019F 55                  <1>         push   ebp                          ;EBP+ 0| EBP(元の値)
     9 000001A0 89E5                <1>         mov    ebp, esp                     ;------|---------
    10                              <1> 
    11                              <1>         ;-----------------------------------
    12                              <1>         ;レジスタの保存
    13                              <1>         ;-----------------------------------
    14 000001A2 50                  <1>         push    eax
    15 000001A3 53                  <1>         push    ebx
    16 000001A4 51                  <1>         push    ecx
    17 000001A5 57                  <1>         push    edi
    18 000001A6 56                  <1>         push    esi
    19                              <1> 
    20                              <1>         ;---------------------------------------
    21                              <1>         ;コピー元フォントアドレスを設定
    22                              <1>         ;---------------------------------------
    23 000001A7 8B7508              <1>         mov     esi, [ebp + 8]                  ;ESI = X(列)
    24 000001AA 8B7D0C              <1>         mov     edi, [ebp +12]                  ;EDI = Y(行)
    25                              <1> 
    26                              <1>         ;---------------------------------------
    27                              <1>         ;コピー先アドレスを取得
    28                              <1>         ;---------------------------------------
    29 000001AD B900000000          <1>         mov     ecx, 0                          ;for(ECX = 0;
    30 000001B2 81F900010000        <1> .10L:   cmp     ecx, 256                        ;    ECX < 256;
    31 000001B8 731F                <1>         jae     .10E                            ;
    32                              <1>                                                 ;    ECX++)
    33                              <1>                                                 ;{
    34                              <1>         ;---------------------------------------
    35                              <1>         ;表示する桁位置を計算
    36                              <1>         ;---------------------------------------
    37 000001BA 89C8                <1>         mov     eax, ecx                        ;   EAX = ECX;
    38 000001BC 83E00F              <1>         and     eax, 0x0F                       ;   EAX &= 0x0F;
    39 000001BF 01F0                <1>         add     eax, esi                        ;   EAX += X;
    40                              <1>         ;---------------------------------------
    41                              <1>         ;表示する行位置を計算
    42                              <1>         ;---------------------------------------
    43 000001C1 89CB                <1>         mov     ebx, ecx                        ;   EBX = ECX;
    44 000001C3 C1EB04              <1>         shr     ebx, 4                          ;   EBX /= 16;
    45 000001C6 01FB                <1>         add     ebx, edi                        ;   EBX += Y;
    46                              <1>         
    47 000001C8 516A075350E80FFFFF- <1>         cdecl   draw_char, eax, ebx, 0x07, ecx  ;   draw_char();
    47 000001D1 FF6683C410          <1>
    48                              <1> 
    49 000001D6 41                  <1>         inc     ecx                             ;   //for(... ECX++)
    50 000001D7 EBD9                <1>         jmp     .10L                            ;
    51                              <1> .10E:                                           ;}
    52                              <1> 
    53                              <1>         ;---------------------------------------
    54                              <1>         ;レジスタの復帰
    55                              <1>         ;---------------------------------------
    56 000001D9 5E                  <1>         pop     esi
    57 000001DA 5F                  <1>         pop     edi
    58 000001DB 59                  <1>         pop     ecx
    59 000001DC 5B                  <1>         pop     ebx
    60 000001DD 58                  <1>         pop     eax
    61                              <1> 
    62                              <1>         ;---------------------------------------
    63                              <1>         ;スタックフレームの破棄
    64                              <1>         ;---------------------------------------
    65 000001DE 89EC                <1>         mov     esp, ebp
    66 000001E0 5D                  <1>         pop     ebp
    67                              <1> 
    68 000001E1 C3                  <1>         ret
    52                                  %include        "..\modules\protect\draw_str.s"
     1                              <1> draw_str:
     2                              <1>         ;-----------------------------------
     3                              <1>         ;スタックフレームの構築
     4                              <1>         ;-----------------------------------
     5                              <1>                                             ;   +12| Y(行)
     6                              <1>                                             ;   + 8| X(列)
     7                              <1>                                             ;   + 4| IP(戻り番号)
     8 000001E2 55                  <1>         push   ebp                          ;EBP+ 0| EBP(元の値)
     9 000001E3 89E5                <1>         mov    ebp, esp                     ;------|---------
    10                              <1> 
    11                              <1>         ;-----------------------------------
    12                              <1>         ;レジスタの保存
    13                              <1>         ;-----------------------------------
    14 000001E5 50                  <1>         push    eax
    15 000001E6 53                  <1>         push    ebx
    16 000001E7 51                  <1>         push    ecx
    17 000001E8 52                  <1>         push    edx
    18 000001E9 56                  <1>         push    esi
    19                              <1> 
    20                              <1>         ;---------------------------------------
    21                              <1>         ;引数を変数に代入
    22                              <1>         ;---------------------------------------
    23 000001EA 8B4D08              <1>         mov     ecx, [ebp + 8]                  ;ECX = 列;
    24 000001ED 8B550C              <1>         mov     edx, [ebp +12]                  ;EDX = 行;
    25 000001F0 0FB75D10            <1>         movzx   ebx, word [ebp + 16]            ;EBX = 表示色;
    26 000001F4 8B7514              <1>         mov     esi, [ebp +20]                  ;ESI = 文字列へのアドレス;
    27                              <1> 
    28                              <1>         ;---------------------------------------
    29                              <1>         ;文字列を表示
    30                              <1>         ;---------------------------------------
    31 000001F7 FC                  <1>         cld                                     ;DF = 0; //アドレス加算
    32                              <1> .10L:                                           ;do
    33                              <1>                                                 ;{
    34 000001F8 AC                  <1>         lodsb                                   ;   AL = *ESI++;
    35 000001F9 3C00                <1>         cmp     al, 0                           ;   if(0 == AL)
    36 000001FB 7425                <1>         je  .10E                                ;       break;
    37                              <1> 
    38 000001FD 50535251E8DBFEFFFF- <1>         cdecl   draw_char, ecx, edx, ebx, eax   ;   draw_char();
    38 00000206 6683C410            <1>
    39                              <1> 
    40                              <1>         ;---------------------------------------
    41                              <1>         ;文字の表示位置を更新
    42                              <1>         ;---------------------------------------
    43 0000020A 41                  <1>         inc     ecx                             ;   ECX++; //列を加算
    44 0000020B 83F950              <1>         cmp     ecx, 80                         ;   if(80 <= ECX) //80文字以上?
    45 0000020E 7C10                <1>         jl      .12E                            ;   {
    46 00000210 B900000000          <1>         mov     ecx, 0                          ;       ECX = 0; //列を初期化
    47 00000215 42                  <1>         inc     edx                             ;       EDX++; //行を加算
    48 00000216 83FA1E              <1>         cmp     edx, 30                         ;       if(30 <= EDX) //30行以上?
    49 00000219 7C05                <1>         jl      .12E                            ;       {
    50 0000021B BA00000000          <1>         mov     edx, 0                          ;           EDX = 0;
    51                              <1>                                                 ;       }
    52                              <1> .12E:                                           ;   }
    53 00000220 EBD6                <1>         jmp     .10L                            ;
    54                              <1> .10E:                                           ;}while(1);
    55                              <1> 
    56                              <1>         ;---------------------------------------
    57                              <1>         ;レジスタの復帰
    58                              <1>         ;---------------------------------------
    59 00000222 5E                  <1>         pop     esi
    60 00000223 5A                  <1>         pop     edx
    61 00000224 59                  <1>         pop     ecx
    62 00000225 5B                  <1>         pop     ebx
    63 00000226 58                  <1>         pop     eax
    64                              <1> 
    65                              <1>         ;---------------------------------------
    66                              <1>         ;スタックフレームの破棄
    67                              <1>         ;---------------------------------------
    68 00000227 89EC                <1>         mov     esp, ebp
    69 00000229 5D                  <1>         pop     ebp
    70                              <1> 
    71 0000022A C3                  <1>         ret
    53                                  
    54                                  ;********************************************************************************************************
    55                                  ;パディング
    56                                  ;********************************************************************************************************
    57 0000022B 00<rept>                        times KERNEL_SIZE - ($ - $$)    db 0    ;パディング
