     1                                  ;********************************************************************************************************
     2                                  ;マクロ
     3                                  ;********************************************************************************************************
     4                                  %include        "..\include\define.s"
     1                              <1> BOOT_LOAD   equ     0x7C00                  ;ブートプログラムのロード位置
     2                              <1> 
     3                              <1> BOOT_SIZE   equ     (1024 * 8)              ;ブートコードサイズ
     4                              <1> SECT_SIZE   equ     (512)                   ;セクタサイズ
     5                              <1> BOOT_SECT   equ     (BOOT_SIZE / SECT_SIZE) ;ブートプログラムのセクタ数
     5                                  %include        "..\include\macro.s"
     1                              <1> struc drive
     2 00000000 <res 00000002>      <1>         .no         resw    1           ;ドライブ番号
     3 00000002 <res 00000002>      <1>         .cyln       resw    1           ;シリンダ
     4 00000004 <res 00000002>      <1>         .head       resw    1           ;ヘッド
     5 00000006 <res 00000002>      <1>         .sect       resw    1           ;セクタ
     6                              <1> endstruc
     7                              <1> 
     8                              <1> %macro  cdecl   1-*.nolist
     9                              <1> 
    10                              <1>     %rep    %0 - 1
    11                              <1>         push    %{-1:-1}
    12                              <1>         %rotate -1
    13                              <1>     %endrep
    14                              <1>     %rotate -1
    15                              <1> 
    16                              <1>         call    %1
    17                              <1> 
    18                              <1>     %if 1 < %0
    19                              <1>         add     sp, (__BITS__ >> 3) * (%0 - 1)
    20                              <1>     %endif
    21                              <1> 
    22                              <1> %endmacro
     6                                  
     7                                          ORG     BOOT_LOAD                       ;ロードアドレスをアセンブラに指示
     8                                  
     9                                  ;********************************************************************************************************
    10                                  ;エントリポイント
    11                                  ;********************************************************************************************************
    12                                  entry:
    13                                          ;---------------------------------------
    14                                          ;BPB(BIOS Parameter Block)
    15                                          ;---------------------------------------
    16 00000000 EB58                            jmp ipl                                 ;IPL(Initial Program Loader)(ブートプログラム)へジャンプ
    17 00000002 90<rept>                        times   90 - ($ - $$) db 0x90
    18                                  
    19                                          ;---------------------------------------
    20                                          ;IPL(Initial Program Loader)
    21                                          ;---------------------------------------
    22                                  ipl:
    23 0000005A FA                              cli                                     ;//割り込み禁止(IF = 1)
    24                                  
    25 0000005B B80000                          mov     ax, 0x0000                      ;AX = 0x0000;
    26 0000005E 8ED8                            mov     ds, ax                          ;DS = 0x0000;
    27 00000060 8EC0                            mov     es, ax                          ;ES = 0x0000;
    28 00000062 8ED0                            mov     ss, ax                          ;SS = 0x0000;
    29 00000064 BC007C                          mov     sp, BOOT_LOAD                   ;SP = 0x7C00;
    30                                  
    31 00000067 FB                              sti                                     ;//割り込み許可(IF = 0)
    32                                  
    33                                          ;---------------------------------------
    34                                          ;ブートドライブ番号を保存
    35                                          ;---------------------------------------
    36 00000068 8816[B800]                      mov     [BOOT + drive.no], dl           ;ブートドライブを保存
    37                                  
    38                                          ;---------------------------------------
    39                                          ;文字列を表示
    40                                          ;---------------------------------------
    41 0000006C 68[9900]E84E0083C4-             cdecl   puts, .s0                       ;puts(.s0);
    41 00000074 02                 
    42                                          
    43                                          ;---------------------------------------
    44                                          ;残りのセクタをすべて読み込む
    45                                          ;---------------------------------------
    46 00000075 BB0F00                          mov     bx, BOOT_SECT - 1               ;BX = 残りのブートセクタ数;
    47 00000078 B9007E                          mov     cx, BOOT_LOAD + SECT_SIZE       ;CX = 次のロードアドレス;
    48                                  
    49 0000007B 515368[B800]E89B00-             cdecl   read_chs, BOOT, bx, cx          ;AX = read_chs(.chs, bx, cx);
    49 00000083 83C406             
    50                                  
    51 00000086 39D8                            cmp     ax, bx                          ;if(AX != 残りのセクタ数)
    52 00000088 740C                    .10Q:   jz      .10E                            ;{
    53 0000008A 68[A600]E8300083C4-     .10T:   cdecl   puts, .e0                       ;       puts(.e0);
    53 00000092 02                 
    54 00000093 E84900                          call    reboot                          ;       reboot();
    55                                  .10E:                                           ;}
    56                                  
    57                                          ;---------------------------------------
    58                                          ;次のステージへ移行
    59                                          ;---------------------------------------
    60 00000096 E96701                          jmp     stage_2                         ;ブート処理の第2ステージ
    61                                  
    62                                          ;---------------------------------------
    63                                          ;データ
    64                                          ;---------------------------------------
    65 00000099 426F6F74696E672E2E-     .s0     db      "Booting...", 0x0A, 0x0D, 0
    65 000000A2 2E0A0D00           
    66 000000A6 4572726F723A736563-     .e0     db      "Error:sector read", 0
    66 000000AF 746F72207265616400 
    67                                  
    68                                  ;********************************************************************************************************
    69                                  ;ブートドライブに関する情報
    70                                  ;********************************************************************************************************
    71                                  ALIGN   2, db 0
    72                                  BOOT:                                           ;ブートドライブに関する情報
    73                                          istruc  drive
    74 000000B8 0000                            at      drive.no,       dw      0       ;ドライブ番号
    75 000000BA 0000                            at      drive.cyln,     dw      0       ;C:シリンダ
    76 000000BC 0000                            at      drive.head,     dw      0       ;H:ヘッド
    77 000000BE 0200                            at      drive.sect,     dw      2       ;S:セクタ
    78                                          iend
    79                                  
    80                                  ;********************************************************************************************************
    81                                  ;モジュール
    82                                  ;********************************************************************************************************
    83                                  %include        "..\modules\real\puts.s"
     1                              <1> puts:
     2                              <1>         ;-----------------------------------
     3                              <1>         ;スタックフレームの構築
     4                              <1>         ;-----------------------------------
     5                              <1>                                             ;  + 4| 文字列へのアドレス
     6                              <1>                                             ;  + 2| IP(戻り番号)
     7 000000C0 55                  <1>         push    bp                          ;BP+ 0| BP(元の値)
     8 000000C1 89E5                <1>         mov     bp, sp                      ;-----|---------
     9                              <1> 
    10                              <1>         ;-----------------------------------
    11                              <1>         ;レジスタの保存
    12                              <1>         ;-----------------------------------
    13 000000C3 50                  <1>         push    ax
    14 000000C4 53                  <1>         push    bx
    15 000000C5 56                  <1>         push    si
    16                              <1> 
    17                              <1>         ;---------------------------------------
    18                              <1>         ;引数の取得
    19                              <1>         ;---------------------------------------
    20 000000C6 8B7604              <1>         mov     si, [bp + 4]                    ;SI = 文字列へのアドレス
    21                              <1> 
    22                              <1>         ;---------------------------------------
    23                              <1>         ;処理の開始
    24                              <1>         ;---------------------------------------
    25 000000C9 B40E                <1>         mov     ah, 0x0E                        ;テレタイプ式1文字出力を指定
    26 000000CB BB0000              <1>         mov     bx, 0x0000                      ;ページ番号と文字色を0に設定
    27 000000CE FC                  <1>         cld                                     ;DF = 0; //アドレス加算
    28                              <1> .10L:                                           ;do
    29                              <1>                                                 ;{
    30 000000CF AC                  <1>         lodsb                                   ;       AL = *SI++;
    31                              <1> 
    32 000000D0 3C00                <1>         cmp     al, 0                           ;       if(0 == AL)
    33 000000D2 7404                <1>         je      .10E                            ;               break;
    34                              <1> 
    35 000000D4 CD10                <1>         int     0x10                            ;       Int10(0x0E,AL); //文字出力
    36 000000D6 EBF7                <1>         jmp     .10L                            ;
    37                              <1> .10E:                                           ;}while(1);
    38                              <1> 
    39                              <1>         ;---------------------------------------
    40                              <1>         ;レジスタの復帰
    41                              <1>         ;---------------------------------------
    42 000000D8 5E                  <1>         pop     si
    43 000000D9 5B                  <1>         pop     bx
    44 000000DA 58                  <1>         pop     ax
    45                              <1> 
    46                              <1>         ;---------------------------------------
    47                              <1>         ;スタックフレームの破棄
    48                              <1>         ;---------------------------------------
    49 000000DB 89EC                <1>         mov     sp, bp
    50 000000DD 5D                  <1>         pop     bp
    51                              <1> 
    52 000000DE C3                  <1>         ret
    84                                  %include        "..\modules\real\reboot.s"
     1                              <1> reboot:
     2                              <1>         ;-------------------------------------------
     3                              <1>         ;メッセージを表示                           
     4                              <1>         ;-------------------------------------------
     5 000000DF 68[FB00]E8DBFF83C4- <1>         cdecl   puts, .s0                           ;//再起動メッセージを表示
     5 000000E7 02                  <1>
     6                              <1> 
     7                              <1>         ;-------------------------------------------
     8                              <1>         ;キー入力待ち
     9                              <1>         ;-------------------------------------------
    10                              <1> .10L:                                               ;do
    11                              <1>                                                     ;{
    12 000000E8 B410                <1>         mov     ah, 0x10                            ;   //キー入力待ち
    13 000000EA CD16                <1>         int     0x16                                ;   AL = BIOS(0x16, 0x10);
    14                              <1>                                                     ;
    15 000000EC 3C20                <1>         cmp     al, ' '                             ;   ZF = (AL == ' ');
    16 000000EE 75F8                <1>         jne     .10L                                ;}while(!ZF);
    17                              <1> 
    18                              <1>         ;-------------------------------------------
    19                              <1>         ;改行を出力
    20                              <1>         ;-------------------------------------------
    21 000000F0 68[1901]E8CAFF83C4- <1>         cdecl   puts, .s1                           ;改行
    21 000000F8 02                  <1>
    22                              <1> 
    23                              <1>         ;-------------------------------------------
    24                              <1>         ;再起動
    25                              <1>         ;-------------------------------------------
    26 000000F9 CD19                <1>         int     0x19                                ;BIOS(0x19);    //reboot();
    27                              <1> 
    28                              <1>         ;-------------------------------------------
    29                              <1>         ;文字列データ
    30                              <1>         ;-------------------------------------------
    31 000000FB 0A0D50757368205350- <1> .s0     db  0x0A, 0x0D, "Push SPACE key to reboot...", 0
    31 00000104 414345206B65792074- <1>
    31 0000010D 6F207265626F6F742E- <1>
    31 00000116 2E2E00              <1>
    32 00000119 0A0D0A0D00          <1> .s1     db  0x0A, 0x0D, 0x0A, 0x0D, 0
    85                                  %include        "..\modules\real\read_chs.s"
     1                              <1> read_chs:
     2                              <1>         ;-----------------------------------
     3                              <1>         ;スタックフレームの構築
     4                              <1>         ;-----------------------------------
     5                              <1>                                             ;  + 8| コピー先
     6                              <1>                                             ;  + 6| セクタ数
     7                              <1>                                             ;  + 4| パラメータバッファ
     8                              <1>                                             ;-----|---------
     9                              <1>                                             ;  + 2| IP(戻り番号)
    10 0000011E 55                  <1>         push    bp                          ;BP+ 0| BP(元の値)
    11 0000011F 89E5                <1>         mov     bp, sp                      ;-----|---------
    12 00000121 6A03                <1>         push    3                           ;  - 2|retry = 3; //リトライ回数
    13 00000123 6A00                <1>         push    0                           ;  - 4|sect = 0; //読み込みセクタ数
    14                              <1> 
    15                              <1>         ;-----------------------------------
    16                              <1>         ;レジスタの保存
    17                              <1>         ;-----------------------------------
    18 00000125 53                  <1>         push    bx
    19 00000126 51                  <1>         push    cx
    20 00000127 52                  <1>         push    dx
    21 00000128 06                  <1>         push    es
    22 00000129 56                  <1>         push    si
    23                              <1> 
    24                              <1>         ;---------------------------------------
    25                              <1>         ;処理の開始
    26                              <1>         ;---------------------------------------
    27 0000012A 8B7604              <1>         mov     si, [bp + 4]                    ;SI = SRCバッファ(ドライブ情報構造体);
    28                              <1> 
    29                              <1>         ;---------------------------------------
    30                              <1>         ;CXレジスタの設定
    31                              <1>         ;(BIOSコールの呼び出しに適した形に変換)
    32                              <1>         ;---------------------------------------
    33 0000012D 8A6C02              <1>         mov     ch, [si + drive.cyln + 0]       ;CH = シリンダ番号(下位バイト)
    34 00000130 8A4C03              <1>         mov     cl, [si + drive.cyln + 1]       ;CL = シリンダ番号(上位バイト)
    35 00000133 C0E106              <1>         shl     cl, 6                           ;CL << 6; //最上位ビット2ビットにシフト
    36 00000136 0A4C06              <1>         or      cl, [si + drive.sect]           ;CL |= セクタ番号;
    37                              <1> 
    38                              <1>         ;---------------------------------------
    39                              <1>         ;セクタ読み込み
    40                              <1>         ;---------------------------------------
    41 00000139 8A7404              <1>         mov     dh, [si + drive.head]           ;DH = ヘッド番号;
    42 0000013C 8A14                <1>         mov     dl, [si + 0]                    ;DL = ドライブ番号;
    43 0000013E B80000              <1>         mov     ax, 0x0000                      ;AX = 0x0000;
    44 00000141 8EC0                <1>         mov     es, ax                          ;ES = セグメント
    45 00000143 8B5E08              <1>         mov     bx, [bp + 8]                    ;BX = コピー先;
    46                              <1> .10L:                                           ;do
    47                              <1>                                                 ;{
    48 00000146 B402                <1>         mov     ah, 0x02                        ;   AH = セクタ読み込み
    49 00000148 8A4606              <1>         mov     al, [bp + 6]                    ;   AL = セクタ数
    50                              <1>                                                 ;
    51 0000014B CD13                <1>         int     0x13                            ;   CF = BIOS(0x13, 0x02)
    52 0000014D 7304                <1>         jnc     .11E                            ;   if(CF)
    53                              <1>                                                 ;   {
    54 0000014F B000                <1>         mov     al, 0                           ;       AL = 0;
    55 00000151 EB0C                <1>         jmp     .10E                            ;       break;
    56                              <1> .11E:                                           ;   }
    57                              <1>                                                 ;
    58 00000153 3C00                <1>         cmp     al, 0                           ;   if(読み込んだセクタがあれば)
    59 00000155 7508                <1>         jne     .10E                            ;       break;
    60                              <1>                                                 ;
    61 00000157 B80000              <1>         mov     ax, 0                           ;   ret = 0; //戻り値を設定
    62 0000015A FF4EFE              <1>         dec     word [bp - 2]                   ;}
    63 0000015D 75E7                <1>         jnz     .10L                            ;while(--retry);
    64                              <1> .10E:
    65 0000015F B400                <1>         mov     ah, 0                           ;AH = 0; //ステータス情報は破棄
    66                              <1> 
    67                              <1>         ;---------------------------------------
    68                              <1>         ;レジスタの復帰
    69                              <1>         ;---------------------------------------
    70 00000161 5E                  <1>         pop     si
    71 00000162 07                  <1>         pop     es
    72 00000163 5A                  <1>         pop     dx
    73 00000164 59                  <1>         pop     cx
    74 00000165 5B                  <1>         pop     bx
    75                              <1> 
    76                              <1>         ;---------------------------------------
    77                              <1>         ;スタックフレームの破棄
    78                              <1>         ;---------------------------------------
    79 00000166 89EC                <1>         mov     sp, bp
    80 00000168 5D                  <1>         pop     bp
    81                              <1> 
    82 00000169 C3                  <1>         ret
    86                                  %include        "..\modules\real\itoa.s"
     1                              <1> itoa:
     2                              <1>         ;-----------------------------------
     3                              <1>         ;スタックフレームの構築
     4                              <1>         ;-----------------------------------
     5                              <1>                                             ;  +12| フラグ
     6                              <1>                                             ;  +10| 基数
     7                              <1>                                             ;  + 8| バッファサイズ
     8                              <1>                                             ;  + 6| バッファアドレス
     9                              <1>                                             ;  + 4| 数値
    10                              <1>                                             ;  + 2| IP(戻り番号)
    11 0000016A 55                  <1>         push    bp                          ;BP+ 0| BP(元の値)
    12 0000016B 89E5                <1>         mov     bp, sp                      ;-----|---------
    13                              <1> 
    14                              <1>         ;-----------------------------------
    15                              <1>         ;レジスタの保存
    16                              <1>         ;-----------------------------------
    17 0000016D 50                  <1>         push    ax
    18 0000016E 53                  <1>         push    bx
    19 0000016F 51                  <1>         push    cx
    20 00000170 52                  <1>         push    dx
    21 00000171 56                  <1>         push    si
    22 00000172 57                  <1>         push    di
    23                              <1> 
    24                              <1>         ;---------------------------------------
    25                              <1>         ;引数の取得
    26                              <1>         ;---------------------------------------
    27 00000173 8B4604              <1>         mov     ax, [bp + 4]                    ;ax(val) =  数値;
    28 00000176 8B7606              <1>         mov     si, [bp + 6]                    ;si(dst) = バッファアドレス;
    29 00000179 8B4E08              <1>         mov     cx, [bp + 8]                    ;cx(size) = バッファサイズ;
    30                              <1> 
    31 0000017C 89F7                <1>         mov     di, si                          ; di = si(dst); //バッファの最後尾
    32 0000017E 01CF                <1>         add     di, cx                          ;di(dst) = di + cx - 1;
    33 00000180 4F                  <1>         dec     di
    34                              <1> 
    35 00000181 8B5E0C              <1>         mov     bx, word [bp + 12]              ;flags = オプション;
    36                              <1> 
    37                              <1>         ;---------------------------------------
    38                              <1>         ;符号付き判定
    39                              <1>         ;---------------------------------------
    40 00000184 F7C30100            <1>         test    bx, 0b0001                       ;if(flags & 0x01) //符号付き
    41 00000188 7408                <1> .10Q:   je      .10E                            ;{
    42 0000018A 83F800              <1>         cmp     ax, 0                           ;   if(val < 0)
    43 0000018D 7D03                <1> .12Q:   jge     .12E                            ;   {
    44 0000018F 83CB02              <1>         or      bx, 0b0010                      ;       flags |= 2; //符号表示
    45                              <1> .12E:                                           ;   }
    46                              <1> .10E:                                           ;}
    47                              <1> 
    48                              <1>         ;---------------------------------------
    49                              <1>         ;符号付き判定
    50                              <1>         ;---------------------------------------
    51 00000192 F7C30200            <1>         test    bx, 0b0010                      ;if(flags & 0x02) //符号出力判定
    52 00000196 7410                <1> .20Q:   je      .20E                            ;{
    53 00000198 83F800              <1>         cmp     ax, 0                           ;   if(val < 0)
    54 0000019B 7D07                <1> .22Q:   jge     .22F                            ;   {
    55 0000019D F7D8                <1>         neg     ax                              ;       val *= -1; //符号反転
    56 0000019F C6042D              <1>         mov     [si], byte '-'                  ;       *dst = '-'; //符号表示
    57 000001A2 EB03                <1>         jmp     .22E                            ;   }
    58                              <1> .22F:                                           ;   else
    59                              <1>                                                 ;   {
    60 000001A4 C6042B              <1>         mov     [si], byte '+'                  ;       *dst = '+'; //符号表示
    61                              <1> .22E:                                           ;   }
    62 000001A7 49                  <1>         dec     cx                              ;   size--;     //残りバッファサイズの減算
    63                              <1> .20E:                                           ;}
    64                              <1> 
    65                              <1>         ;---------------------------------------
    66                              <1>         ;ASCII変換
    67                              <1>         ;---------------------------------------
    68 000001A8 8B5E0A              <1>         mov     bx, [bp + 10]                   ;BX = 基数;
    69                              <1> .30L:                                           ;do
    70                              <1>                                                 ;{
    71 000001AB BA0000              <1>         mov     dx, 0                           ;
    72 000001AE F7F3                <1>         div     bx                              ;   DX = DX:AX % 基数;
    73                              <1>                                                 ;   AX = DX:AX / 基数;
    74                              <1>                                                 ;
    75 000001B0 89D6                <1>         mov     si, dx                          ;   //テーブル参照
    76 000001B2 8A94[DA01]          <1>         mov     dl, byte [.ascii + si]          ;   DL = ASCII[DX]
    77                              <1>                                                 ;
    78 000001B6 8815                <1>         mov     [di], dl                        ;   *dst = DL;
    79 000001B8 4F                  <1>         dec     di                              ;   dst--;
    80                              <1>                                                 ;
    81 000001B9 83F800              <1>         cmp     ax, 0                           ;
    82 000001BC E0ED                <1>         loopnz  .30L                            ;}while(AX);
    83                              <1> .30E:
    84                              <1> 
    85                              <1>         ;---------------------------------------
    86                              <1>         ;空欄を埋める
    87                              <1>         ;---------------------------------------
    88 000001BE 83F900              <1>         cmp     cx, 0                           ;if(size)
    89 000001C1 740D                <1> .40Q:   je      .40E                            ;{
    90 000001C3 B020                <1>         mov     al, ' '                         ;       AL = ' '; // ' 'で埋める(デフォルト値)
    91 000001C5 837E0C04            <1>         cmp     [bp + 12], word 0b0100          ;       if(flags & 0x04)
    92 000001C9 7502                <1> .42Q:   jne     .42E                            ;           {
    93 000001CB B030                <1>         mov     al, '0'                         ;               AL = '0'; // '0'で埋める
    94                              <1> .42E:                                           ;           }
    95 000001CD FD                  <1>         std                                     ;       // DF = 1(-方向)
    96 000001CE F3AA                <1>         rep     stosb                           ;       while(--CX) *DI -- = AL;
    97                              <1> .40E:                                           ;}
    98                              <1>         
    99                              <1>         ;---------------------------------------
   100                              <1>         ;レジスタの復帰
   101                              <1>         ;---------------------------------------
   102 000001D0 5F                  <1>         pop     di
   103 000001D1 5E                  <1>         pop     si
   104 000001D2 5A                  <1>         pop     dx
   105 000001D3 59                  <1>         pop     cx
   106 000001D4 5B                  <1>         pop     bx
   107 000001D5 58                  <1>         pop     ax
   108                              <1> 
   109                              <1>         ;---------------------------------------
   110                              <1>         ;スタックフレームの破棄
   111                              <1>         ;---------------------------------------
   112 000001D6 89EC                <1>         mov     sp, bp
   113 000001D8 5D                  <1>         pop     bp
   114                              <1> 
   115 000001D9 C3                  <1>         ret
   116                              <1> 
   117 000001DA 303132333435363738- <1> .ascii  db      "0123456789ABCDEF"              ;変換テーブル
   117 000001E3 39414243444546      <1>
    87                                  
    88                                  ;********************************************************************************************************
    89                                  ;ブートフラグ(先頭512バイトの終了)
    90                                  ;********************************************************************************************************
    91 000001EA 00<rept>                        times   510 - ($ - $$) db 0x00
    92 000001FE 55AA                            db 0x55, 0xAA
    93                                  
    94                                  ;********************************************************************************************************
    95                                  ;ブート処理の第2ステージ
    96                                  ;********************************************************************************************************
    97                                  stage_2:
    98                                          ;---------------------------------------
    99                                          ;文字列の表示
   100                                          ;---------------------------------------
   101 00000200 68[0B02]E8BAFE83C4-             cdecl puts, .s0                         ;puts(.s0);
   101 00000208 02                 
   102                                  
   103                                          ;---------------------------------------
   104                                          ;処理の終了
   105                                          ;---------------------------------------
   106 00000209 EBFE                            jmp     $                               ;while(1); //無限ループ
   107                                  
   108                                          ;---------------------------------------
   109                                          ;データ
   110                                          ;---------------------------------------
   111 0000020B 326E64207374616765-     .s0     db      "2nd stage...", 0x0A, 0x0D, 0
   111 00000214 2E2E2E0A0D00       
   112                                  
   113                                  ;********************************************************************************************************
   114                                  ;パディング
   115                                  ;********************************************************************************************************
   116 0000021A 00<rept>                        times BOOT_SIZE - ($ - $$)     db 0    ;パディング
